2025-09-21 15:50:18,348 - country_pipeline - INFO - Starting country data pipeline
2025-09-21 15:50:18,348 - country_pipeline - INFO - Starting country data pipeline
2025-09-21 15:50:18,348 - country_pipeline - INFO - Starting country data pipeline
2025-09-21 15:50:18,348 - country_pipeline - INFO - Starting country data pipeline
2025-09-21 15:50:18,348 - country_pipeline - INFO - Starting to fetch all countries data with multithreading (max_workers=20)
2025-09-21 15:50:18,348 - country_pipeline - INFO - Starting to fetch all countries data with multithreading (max_workers=20)
2025-09-21 15:50:18,348 - country_pipeline - INFO - Starting to fetch all countries data with multithreading (max_workers=20)
2025-09-21 15:50:18,348 - country_pipeline - INFO - Starting to fetch all countries data with multithreading (max_workers=20)
2025-09-21 15:50:21,579 - country_pipeline - INFO - Found 250 countries to fetch
2025-09-21 15:50:21,579 - country_pipeline - INFO - Found 250 countries to fetch
2025-09-21 15:50:21,579 - country_pipeline - INFO - Found 250 countries to fetch
2025-09-21 15:50:21,579 - country_pipeline - INFO - Found 250 countries to fetch
2025-09-21 15:50:22,906 - country_pipeline - INFO - Successfully fetched data for Lesotho
2025-09-21 15:50:22,906 - country_pipeline - INFO - Successfully fetched data for Lesotho
2025-09-21 15:50:22,906 - country_pipeline - INFO - Successfully fetched data for Lesotho
2025-09-21 15:50:22,906 - country_pipeline - INFO - Successfully fetched data for Lesotho
2025-09-21 15:50:22,914 - country_pipeline - INFO - Successfully fetched data for Sudan
2025-09-21 15:50:22,914 - country_pipeline - INFO - Successfully fetched data for Sudan
2025-09-21 15:50:22,914 - country_pipeline - INFO - Successfully fetched data for Sudan
2025-09-21 15:50:22,914 - country_pipeline - INFO - Successfully fetched data for Sudan
2025-09-21 15:50:22,916 - country_pipeline - INFO - Successfully fetched data for Monaco
2025-09-21 15:50:22,916 - country_pipeline - INFO - Successfully fetched data for Monaco
2025-09-21 15:50:22,916 - country_pipeline - INFO - Successfully fetched data for Monaco
2025-09-21 15:50:22,916 - country_pipeline - INFO - Successfully fetched data for Laos
2025-09-21 15:50:22,916 - country_pipeline - INFO - Successfully fetched data for Monaco
2025-09-21 15:50:22,916 - country_pipeline - INFO - Successfully fetched data for Laos
2025-09-21 15:50:22,916 - country_pipeline - INFO - Successfully fetched data for Laos
2025-09-21 15:50:22,916 - country_pipeline - INFO - Successfully fetched data for Laos
2025-09-21 15:50:22,931 - country_pipeline - INFO - Successfully fetched data for Comoros
2025-09-21 15:50:22,931 - country_pipeline - INFO - Successfully fetched data for Comoros
2025-09-21 15:50:22,931 - country_pipeline - INFO - Successfully fetched data for Comoros
2025-09-21 15:50:22,931 - country_pipeline - INFO - Successfully fetched data for Comoros
2025-09-21 15:50:22,932 - country_pipeline - INFO - Successfully fetched data for Vanuatu
2025-09-21 15:50:22,932 - country_pipeline - INFO - Successfully fetched data for Vanuatu
2025-09-21 15:50:22,932 - country_pipeline - INFO - Successfully fetched data for Vanuatu
2025-09-21 15:50:22,932 - country_pipeline - INFO - Successfully fetched data for Vanuatu
2025-09-21 15:50:22,942 - country_pipeline - INFO - Successfully fetched data for Senegal
2025-09-21 15:50:22,942 - country_pipeline - INFO - Successfully fetched data for Senegal
2025-09-21 15:50:22,942 - country_pipeline - INFO - Successfully fetched data for Senegal
2025-09-21 15:50:22,942 - country_pipeline - INFO - Successfully fetched data for Senegal
2025-09-21 15:50:22,942 - country_pipeline - INFO - Successfully fetched data for Latvia
2025-09-21 15:50:22,942 - country_pipeline - INFO - Successfully fetched data for Latvia
2025-09-21 15:50:22,942 - country_pipeline - INFO - Successfully fetched data for Latvia
2025-09-21 15:50:22,942 - country_pipeline - INFO - Successfully fetched data for Latvia
2025-09-21 15:50:22,947 - country_pipeline - INFO - Successfully fetched data for Nicaragua
2025-09-21 15:50:22,947 - country_pipeline - INFO - Successfully fetched data for Nicaragua
2025-09-21 15:50:22,947 - country_pipeline - INFO - Successfully fetched data for Nicaragua
2025-09-21 15:50:22,947 - country_pipeline - INFO - Successfully fetched data for Nicaragua
2025-09-21 15:50:22,951 - country_pipeline - INFO - Successfully fetched data for Tajikistan
2025-09-21 15:50:22,951 - country_pipeline - INFO - Successfully fetched data for Tajikistan
2025-09-21 15:50:22,951 - country_pipeline - INFO - Successfully fetched data for Tajikistan
2025-09-21 15:50:22,951 - country_pipeline - INFO - Successfully fetched data for Tajikistan
2025-09-21 15:50:23,040 - country_pipeline - INFO - Successfully fetched data for Lithuania
2025-09-21 15:50:23,040 - country_pipeline - INFO - Successfully fetched data for Lithuania
2025-09-21 15:50:23,040 - country_pipeline - INFO - Successfully fetched data for Lithuania
2025-09-21 15:50:23,040 - country_pipeline - INFO - Successfully fetched data for Lithuania
2025-09-21 15:50:23,060 - country_pipeline - INFO - Successfully fetched data for Sint Maarten
2025-09-21 15:50:23,060 - country_pipeline - INFO - Successfully fetched data for Sint Maarten
2025-09-21 15:50:23,060 - country_pipeline - INFO - Successfully fetched data for Sint Maarten
2025-09-21 15:50:23,060 - country_pipeline - INFO - Successfully fetched data for Sint Maarten
2025-09-21 15:50:23,061 - country_pipeline - INFO - Successfully fetched data for Tunisia
2025-09-21 15:50:23,061 - country_pipeline - INFO - Successfully fetched data for Tunisia
2025-09-21 15:50:23,061 - country_pipeline - INFO - Successfully fetched data for Tunisia
2025-09-21 15:50:23,061 - country_pipeline - INFO - Successfully fetched data for Tunisia
2025-09-21 15:50:23,077 - country_pipeline - INFO - Successfully fetched data for Zimbabwe
2025-09-21 15:50:23,077 - country_pipeline - INFO - Successfully fetched data for Zimbabwe
2025-09-21 15:50:23,077 - country_pipeline - INFO - Successfully fetched data for Zimbabwe
2025-09-21 15:50:23,077 - country_pipeline - INFO - Successfully fetched data for Zimbabwe
2025-09-21 15:50:23,080 - country_pipeline - INFO - Successfully fetched data for Greece
2025-09-21 15:50:23,080 - country_pipeline - INFO - Successfully fetched data for Greece
2025-09-21 15:50:23,080 - country_pipeline - INFO - Successfully fetched data for Greece
2025-09-21 15:50:23,080 - country_pipeline - INFO - Successfully fetched data for Greece
2025-09-21 15:50:23,113 - country_pipeline - INFO - Successfully fetched data for Ecuador
2025-09-21 15:50:23,113 - country_pipeline - INFO - Successfully fetched data for Ecuador
2025-09-21 15:50:23,113 - country_pipeline - INFO - Successfully fetched data for Ecuador
2025-09-21 15:50:23,113 - country_pipeline - INFO - Successfully fetched data for Ecuador
2025-09-21 15:50:23,892 - country_pipeline - INFO - Successfully fetched data for Jamaica
2025-09-21 15:50:23,892 - country_pipeline - INFO - Successfully fetched data for Jamaica
2025-09-21 15:50:23,892 - country_pipeline - INFO - Successfully fetched data for Jamaica
2025-09-21 15:50:23,892 - country_pipeline - INFO - Successfully fetched data for Jamaica
2025-09-21 15:50:23,997 - country_pipeline - INFO - Successfully fetched data for Kuwait
2025-09-21 15:50:23,997 - country_pipeline - INFO - Successfully fetched data for Kuwait
2025-09-21 15:50:23,997 - country_pipeline - INFO - Successfully fetched data for Kuwait
2025-09-21 15:50:23,997 - country_pipeline - INFO - Successfully fetched data for Kuwait
2025-09-21 15:50:24,101 - country_pipeline - INFO - Successfully fetched data for Chile
2025-09-21 15:50:24,101 - country_pipeline - INFO - Successfully fetched data for Chile
2025-09-21 15:50:24,101 - country_pipeline - INFO - Successfully fetched data for Chile
2025-09-21 15:50:24,101 - country_pipeline - INFO - Successfully fetched data for Chile
2025-09-21 15:50:24,103 - country_pipeline - INFO - Successfully fetched data for Philippines
2025-09-21 15:50:24,103 - country_pipeline - INFO - Successfully fetched data for Philippines
2025-09-21 15:50:24,103 - country_pipeline - INFO - Successfully fetched data for Philippines
2025-09-21 15:50:24,103 - country_pipeline - INFO - Successfully fetched data for Philippines
2025-09-21 15:50:24,130 - country_pipeline - INFO - Successfully fetched data for Morocco
2025-09-21 15:50:24,130 - country_pipeline - INFO - Successfully fetched data for Morocco
2025-09-21 15:50:24,130 - country_pipeline - INFO - Successfully fetched data for Morocco
2025-09-21 15:50:24,130 - country_pipeline - INFO - Successfully fetched data for Morocco
2025-09-21 15:50:24,156 - country_pipeline - INFO - Successfully fetched data for Costa Rica
2025-09-21 15:50:24,156 - country_pipeline - INFO - Successfully fetched data for Costa Rica
2025-09-21 15:50:24,156 - country_pipeline - INFO - Successfully fetched data for Costa Rica
2025-09-21 15:50:24,156 - country_pipeline - INFO - Successfully fetched data for Costa Rica
2025-09-21 15:50:24,166 - country_pipeline - INFO - Successfully fetched data for United Arab Emirates
2025-09-21 15:50:24,166 - country_pipeline - INFO - Successfully fetched data for United Arab Emirates
2025-09-21 15:50:24,166 - country_pipeline - INFO - Successfully fetched data for United Arab Emirates
2025-09-21 15:50:24,166 - country_pipeline - INFO - Successfully fetched data for United Arab Emirates
2025-09-21 15:50:24,179 - country_pipeline - INFO - Successfully fetched data for Portugal
2025-09-21 15:50:24,179 - country_pipeline - INFO - Successfully fetched data for Portugal
2025-09-21 15:50:24,179 - country_pipeline - INFO - Successfully fetched data for Portugal
2025-09-21 15:50:24,179 - country_pipeline - INFO - Successfully fetched data for Portugal
2025-09-21 15:50:24,188 - country_pipeline - INFO - Successfully fetched data for Micronesia
2025-09-21 15:50:24,188 - country_pipeline - INFO - Successfully fetched data for Micronesia
2025-09-21 15:50:24,188 - country_pipeline - INFO - Successfully fetched data for Micronesia
2025-09-21 15:50:24,188 - country_pipeline - INFO - Successfully fetched data for Micronesia
2025-09-21 15:50:24,265 - country_pipeline - INFO - Successfully fetched data for Rwanda
2025-09-21 15:50:24,265 - country_pipeline - INFO - Successfully fetched data for Rwanda
2025-09-21 15:50:24,265 - country_pipeline - INFO - Successfully fetched data for Rwanda
2025-09-21 15:50:24,265 - country_pipeline - INFO - Successfully fetched data for Rwanda
2025-09-21 15:50:24,275 - country_pipeline - INFO - Successfully fetched data for Algeria
2025-09-21 15:50:24,275 - country_pipeline - INFO - Successfully fetched data for Algeria
2025-09-21 15:50:24,275 - country_pipeline - INFO - Successfully fetched data for Algeria
2025-09-21 15:50:24,275 - country_pipeline - INFO - Successfully fetched data for Algeria
2025-09-21 15:50:24,285 - country_pipeline - INFO - Successfully fetched data for Solomon Islands
2025-09-21 15:50:24,285 - country_pipeline - INFO - Successfully fetched data for Solomon Islands
2025-09-21 15:50:24,286 - country_pipeline - INFO - Successfully fetched data for Jersey
2025-09-21 15:50:24,285 - country_pipeline - INFO - Successfully fetched data for Solomon Islands
2025-09-21 15:50:24,286 - country_pipeline - INFO - Successfully fetched data for Jersey
2025-09-21 15:50:24,285 - country_pipeline - INFO - Successfully fetched data for Solomon Islands
2025-09-21 15:50:24,286 - country_pipeline - INFO - Successfully fetched data for Antigua and Barbuda
2025-09-21 15:50:24,286 - country_pipeline - INFO - Successfully fetched data for Jersey
2025-09-21 15:50:24,286 - country_pipeline - INFO - Successfully fetched data for Antigua and Barbuda
2025-09-21 15:50:24,286 - country_pipeline - INFO - Successfully fetched data for Jersey
2025-09-21 15:50:24,286 - country_pipeline - INFO - Successfully fetched data for Antigua and Barbuda
2025-09-21 15:50:24,286 - country_pipeline - INFO - Successfully fetched data for Antigua and Barbuda
2025-09-21 15:50:24,350 - country_pipeline - INFO - Successfully fetched data for Bahamas
2025-09-21 15:50:24,350 - country_pipeline - INFO - Successfully fetched data for Bahamas
2025-09-21 15:50:24,350 - country_pipeline - INFO - Successfully fetched data for Bahamas
2025-09-21 15:50:24,350 - country_pipeline - INFO - Successfully fetched data for Bahamas
2025-09-21 15:50:24,480 - country_pipeline - INFO - Successfully fetched data for Luxembourg
2025-09-21 15:50:24,480 - country_pipeline - INFO - Successfully fetched data for Luxembourg
2025-09-21 15:50:24,480 - country_pipeline - INFO - Successfully fetched data for Luxembourg
2025-09-21 15:50:24,480 - country_pipeline - INFO - Successfully fetched data for Luxembourg
2025-09-21 15:50:24,781 - country_pipeline - INFO - Successfully fetched data for United Kingdom
2025-09-21 15:50:24,781 - country_pipeline - INFO - Successfully fetched data for United Kingdom
2025-09-21 15:50:24,781 - country_pipeline - INFO - Successfully fetched data for United Kingdom
2025-09-21 15:50:24,781 - country_pipeline - INFO - Successfully fetched data for United Kingdom
2025-09-21 15:50:24,860 - country_pipeline - INFO - Successfully fetched data for Saint Helena, Ascension and Tristan da Cunha
2025-09-21 15:50:24,860 - country_pipeline - INFO - Successfully fetched data for Saint Helena, Ascension and Tristan da Cunha
2025-09-21 15:50:24,860 - country_pipeline - INFO - Successfully fetched data for Saint Helena, Ascension and Tristan da Cunha
2025-09-21 15:50:24,860 - country_pipeline - INFO - Successfully fetched data for Saint Helena, Ascension and Tristan da Cunha
2025-09-21 15:50:24,971 - country_pipeline - INFO - Successfully fetched data for Tanzania
2025-09-21 15:50:24,971 - country_pipeline - INFO - Successfully fetched data for Tanzania
2025-09-21 15:50:24,971 - country_pipeline - INFO - Successfully fetched data for Tanzania
2025-09-21 15:50:24,971 - country_pipeline - INFO - Successfully fetched data for Tanzania
2025-09-21 15:50:25,066 - country_pipeline - INFO - Successfully fetched data for Brazil
2025-09-21 15:50:25,066 - country_pipeline - INFO - Successfully fetched data for Brazil
2025-09-21 15:50:25,066 - country_pipeline - INFO - Successfully fetched data for Brazil
2025-09-21 15:50:25,066 - country_pipeline - INFO - Successfully fetched data for Brazil
2025-09-21 15:50:25,282 - country_pipeline - INFO - Successfully fetched data for Mali
2025-09-21 15:50:25,282 - country_pipeline - INFO - Successfully fetched data for Mali
2025-09-21 15:50:25,282 - country_pipeline - INFO - Successfully fetched data for Mali
2025-09-21 15:50:25,282 - country_pipeline - INFO - Successfully fetched data for Mali
2025-09-21 15:50:25,308 - country_pipeline - INFO - Successfully fetched data for Montenegro
2025-09-21 15:50:25,308 - country_pipeline - INFO - Successfully fetched data for Montenegro
2025-09-21 15:50:25,308 - country_pipeline - INFO - Successfully fetched data for Montenegro
2025-09-21 15:50:25,308 - country_pipeline - INFO - Successfully fetched data for Montenegro
2025-09-21 15:50:25,312 - country_pipeline - INFO - Successfully fetched data for Pakistan
2025-09-21 15:50:25,312 - country_pipeline - INFO - Successfully fetched data for Pakistan
2025-09-21 15:50:25,312 - country_pipeline - INFO - Successfully fetched data for Pakistan
2025-09-21 15:50:25,312 - country_pipeline - INFO - Successfully fetched data for Pakistan
2025-09-21 15:50:25,379 - country_pipeline - INFO - Successfully fetched data for Bangladesh
2025-09-21 15:50:25,379 - country_pipeline - INFO - Successfully fetched data for Bangladesh
2025-09-21 15:50:25,379 - country_pipeline - INFO - Successfully fetched data for Bangladesh
2025-09-21 15:50:25,379 - country_pipeline - INFO - Successfully fetched data for Bangladesh
2025-09-21 15:50:25,380 - country_pipeline - INFO - Successfully fetched data for Turks and Caicos Islands
2025-09-21 15:50:25,380 - country_pipeline - INFO - Successfully fetched data for Turks and Caicos Islands
2025-09-21 15:50:25,380 - country_pipeline - INFO - Successfully fetched data for Turks and Caicos Islands
2025-09-21 15:50:25,380 - country_pipeline - INFO - Successfully fetched data for Turks and Caicos Islands
2025-09-21 15:50:25,442 - country_pipeline - INFO - Successfully fetched data for Faroe Islands
2025-09-21 15:50:25,442 - country_pipeline - INFO - Successfully fetched data for Faroe Islands
2025-09-21 15:50:25,442 - country_pipeline - INFO - Successfully fetched data for Faroe Islands
2025-09-21 15:50:25,442 - country_pipeline - INFO - Successfully fetched data for Faroe Islands
2025-09-21 15:50:25,525 - country_pipeline - INFO - Successfully fetched data for Botswana
2025-09-21 15:50:25,525 - country_pipeline - INFO - Successfully fetched data for Botswana
2025-09-21 15:50:25,525 - country_pipeline - INFO - Successfully fetched data for Botswana
2025-09-21 15:50:25,525 - country_pipeline - INFO - Successfully fetched data for Botswana
2025-09-21 15:50:25,565 - country_pipeline - INFO - Successfully fetched data for Armenia
2025-09-21 15:50:25,565 - country_pipeline - INFO - Successfully fetched data for Armenia
2025-09-21 15:50:25,565 - country_pipeline - INFO - Successfully fetched data for Armenia
2025-09-21 15:50:25,565 - country_pipeline - INFO - Successfully fetched data for Armenia
2025-09-21 15:50:25,633 - country_pipeline - INFO - Successfully fetched data for Libya
2025-09-21 15:50:25,633 - country_pipeline - INFO - Successfully fetched data for Libya
2025-09-21 15:50:25,633 - country_pipeline - INFO - Successfully fetched data for Libya
2025-09-21 15:50:25,633 - country_pipeline - INFO - Successfully fetched data for Libya
2025-09-21 15:50:25,680 - country_pipeline - INFO - Successfully fetched data for Turkmenistan
2025-09-21 15:50:25,680 - country_pipeline - INFO - Successfully fetched data for Turkmenistan
2025-09-21 15:50:25,680 - country_pipeline - INFO - Successfully fetched data for Turkmenistan
2025-09-21 15:50:25,680 - country_pipeline - INFO - Successfully fetched data for Turkmenistan
2025-09-21 15:50:25,789 - country_pipeline - INFO - Successfully fetched data for British Indian Ocean Territory
2025-09-21 15:50:25,789 - country_pipeline - INFO - Successfully fetched data for British Indian Ocean Territory
2025-09-21 15:50:25,789 - country_pipeline - INFO - Successfully fetched data for British Indian Ocean Territory
2025-09-21 15:50:25,789 - country_pipeline - INFO - Successfully fetched data for British Indian Ocean Territory
2025-09-21 15:50:25,924 - country_pipeline - INFO - Successfully fetched data for Chad
2025-09-21 15:50:25,924 - country_pipeline - INFO - Successfully fetched data for Chad
2025-09-21 15:50:25,924 - country_pipeline - INFO - Successfully fetched data for Chad
2025-09-21 15:50:25,924 - country_pipeline - INFO - Successfully fetched data for Chad
2025-09-21 15:50:25,934 - country_pipeline - INFO - Successfully fetched data for French Southern and Antarctic Lands
2025-09-21 15:50:25,934 - country_pipeline - INFO - Successfully fetched data for French Southern and Antarctic Lands
2025-09-21 15:50:25,934 - country_pipeline - INFO - Successfully fetched data for French Southern and Antarctic Lands
2025-09-21 15:50:25,934 - country_pipeline - INFO - Successfully fetched data for French Southern and Antarctic Lands
2025-09-21 15:50:26,025 - country_pipeline - INFO - Successfully fetched data for Greenland
2025-09-21 15:50:26,025 - country_pipeline - INFO - Successfully fetched data for Greenland
2025-09-21 15:50:26,025 - country_pipeline - INFO - Successfully fetched data for Greenland
2025-09-21 15:50:26,025 - country_pipeline - INFO - Successfully fetched data for Greenland
2025-09-21 15:50:26,153 - country_pipeline - INFO - Successfully fetched data for Trinidad and Tobago
2025-09-21 15:50:26,153 - country_pipeline - INFO - Successfully fetched data for Trinidad and Tobago
2025-09-21 15:50:26,153 - country_pipeline - INFO - Successfully fetched data for Trinidad and Tobago
2025-09-21 15:50:26,153 - country_pipeline - INFO - Successfully fetched data for Trinidad and Tobago
2025-09-21 15:50:26,212 - country_pipeline - INFO - Successfully fetched data for South Georgia
2025-09-21 15:50:26,212 - country_pipeline - INFO - Successfully fetched data for South Georgia
2025-09-21 15:50:26,212 - country_pipeline - INFO - Successfully fetched data for South Georgia
2025-09-21 15:50:26,212 - country_pipeline - INFO - Successfully fetched data for South Georgia
2025-09-21 15:50:26,360 - country_pipeline - INFO - Successfully fetched data for Western Sahara
2025-09-21 15:50:26,360 - country_pipeline - INFO - Successfully fetched data for Western Sahara
2025-09-21 15:50:26,360 - country_pipeline - INFO - Successfully fetched data for Western Sahara
2025-09-21 15:50:26,360 - country_pipeline - INFO - Successfully fetched data for Western Sahara
2025-09-21 15:50:26,387 - country_pipeline - INFO - Successfully fetched data for Montserrat
2025-09-21 15:50:26,387 - country_pipeline - INFO - Successfully fetched data for Montserrat
2025-09-21 15:50:26,387 - country_pipeline - INFO - Successfully fetched data for Montserrat
2025-09-21 15:50:26,387 - country_pipeline - INFO - Successfully fetched data for Montserrat
2025-09-21 15:50:26,442 - country_pipeline - INFO - Successfully fetched data for Dominican Republic
2025-09-21 15:50:26,442 - country_pipeline - INFO - Successfully fetched data for Dominican Republic
2025-09-21 15:50:26,442 - country_pipeline - INFO - Successfully fetched data for Dominican Republic
2025-09-21 15:50:26,442 - country_pipeline - INFO - Successfully fetched data for Dominican Republic
2025-09-21 15:50:26,544 - country_pipeline - INFO - Successfully fetched data for Palau
2025-09-21 15:50:26,544 - country_pipeline - INFO - Successfully fetched data for Palau
2025-09-21 15:50:26,544 - country_pipeline - INFO - Successfully fetched data for Palau
2025-09-21 15:50:26,544 - country_pipeline - INFO - Successfully fetched data for Palau
2025-09-21 15:50:26,577 - country_pipeline - INFO - Successfully fetched data for Cook Islands
2025-09-21 15:50:26,577 - country_pipeline - INFO - Successfully fetched data for Cook Islands
2025-09-21 15:50:26,577 - country_pipeline - INFO - Successfully fetched data for Cook Islands
2025-09-21 15:50:26,577 - country_pipeline - INFO - Successfully fetched data for Cook Islands
2025-09-21 15:50:26,623 - country_pipeline - INFO - Successfully fetched data for Colombia
2025-09-21 15:50:26,623 - country_pipeline - INFO - Successfully fetched data for Colombia
2025-09-21 15:50:26,623 - country_pipeline - INFO - Successfully fetched data for Colombia
2025-09-21 15:50:26,623 - country_pipeline - INFO - Successfully fetched data for Colombia
2025-09-21 15:50:26,633 - country_pipeline - INFO - Successfully fetched data for Bahrain
2025-09-21 15:50:26,633 - country_pipeline - INFO - Successfully fetched data for Bahrain
2025-09-21 15:50:26,633 - country_pipeline - INFO - Successfully fetched data for Bahrain
2025-09-21 15:50:26,633 - country_pipeline - INFO - Successfully fetched data for Bahrain
2025-09-21 15:50:26,686 - country_pipeline - INFO - Successfully fetched data for Bosnia and Herzegovina
2025-09-21 15:50:26,686 - country_pipeline - INFO - Successfully fetched data for Bosnia and Herzegovina
2025-09-21 15:50:26,686 - country_pipeline - INFO - Successfully fetched data for Bosnia and Herzegovina
2025-09-21 15:50:26,686 - country_pipeline - INFO - Successfully fetched data for Bosnia and Herzegovina
2025-09-21 15:50:26,777 - country_pipeline - INFO - Successfully fetched data for Ireland
2025-09-21 15:50:26,777 - country_pipeline - INFO - Successfully fetched data for Ireland
2025-09-21 15:50:26,777 - country_pipeline - INFO - Successfully fetched data for Ireland
2025-09-21 15:50:26,777 - country_pipeline - INFO - Successfully fetched data for Ireland
2025-09-21 15:50:26,790 - country_pipeline - INFO - Successfully fetched data for United States
2025-09-21 15:50:26,790 - country_pipeline - INFO - Successfully fetched data for United States
2025-09-21 15:50:26,790 - country_pipeline - INFO - Successfully fetched data for United States
2025-09-21 15:50:26,790 - country_pipeline - INFO - Successfully fetched data for United States
2025-09-21 15:50:26,873 - country_pipeline - INFO - Successfully fetched data for Guinea
2025-09-21 15:50:26,873 - country_pipeline - INFO - Successfully fetched data for Guinea
2025-09-21 15:50:26,873 - country_pipeline - INFO - Successfully fetched data for Guinea
2025-09-21 15:50:26,873 - country_pipeline - INFO - Successfully fetched data for Guinea
2025-09-21 15:50:26,952 - country_pipeline - INFO - Successfully fetched data for Mozambique
2025-09-21 15:50:26,952 - country_pipeline - INFO - Successfully fetched data for Mozambique
2025-09-21 15:50:26,952 - country_pipeline - INFO - Successfully fetched data for Mozambique
2025-09-21 15:50:26,952 - country_pipeline - INFO - Successfully fetched data for Mozambique
2025-09-21 15:50:27,076 - country_pipeline - INFO - Successfully fetched data for Christmas Island
2025-09-21 15:50:27,076 - country_pipeline - INFO - Successfully fetched data for Christmas Island
2025-09-21 15:50:27,076 - country_pipeline - INFO - Successfully fetched data for Christmas Island
2025-09-21 15:50:27,076 - country_pipeline - INFO - Successfully fetched data for Christmas Island
2025-09-21 15:50:27,163 - country_pipeline - INFO - Successfully fetched data for Panama
2025-09-21 15:50:27,163 - country_pipeline - INFO - Successfully fetched data for Panama
2025-09-21 15:50:27,163 - country_pipeline - INFO - Successfully fetched data for Panama
2025-09-21 15:50:27,163 - country_pipeline - INFO - Successfully fetched data for Panama
2025-09-21 15:50:27,192 - country_pipeline - INFO - Successfully fetched data for Czechia
2025-09-21 15:50:27,192 - country_pipeline - INFO - Successfully fetched data for Czechia
2025-09-21 15:50:27,192 - country_pipeline - INFO - Successfully fetched data for Czechia
2025-09-21 15:50:27,192 - country_pipeline - INFO - Successfully fetched data for Czechia
2025-09-21 15:50:27,392 - country_pipeline - INFO - Successfully fetched data for Saint Vincent and the Grenadines
2025-09-21 15:50:27,392 - country_pipeline - INFO - Successfully fetched data for Saint Vincent and the Grenadines
2025-09-21 15:50:27,392 - country_pipeline - INFO - Successfully fetched data for Saint Vincent and the Grenadines
2025-09-21 15:50:27,392 - country_pipeline - INFO - Successfully fetched data for Saint Vincent and the Grenadines
2025-09-21 15:50:27,392 - country_pipeline - INFO - Successfully fetched data for Heard Island and McDonald Islands
2025-09-21 15:50:27,392 - country_pipeline - INFO - Successfully fetched data for Heard Island and McDonald Islands
2025-09-21 15:50:27,392 - country_pipeline - INFO - Successfully fetched data for Heard Island and McDonald Islands
2025-09-21 15:50:27,392 - country_pipeline - INFO - Successfully fetched data for Heard Island and McDonald Islands
2025-09-21 15:50:27,488 - country_pipeline - INFO - Successfully fetched data for Haiti
2025-09-21 15:50:27,488 - country_pipeline - INFO - Successfully fetched data for Haiti
2025-09-21 15:50:27,488 - country_pipeline - INFO - Successfully fetched data for Haiti
2025-09-21 15:50:27,488 - country_pipeline - INFO - Successfully fetched data for Haiti
2025-09-21 15:50:27,527 - country_pipeline - INFO - Successfully fetched data for Pitcairn Islands
2025-09-21 15:50:27,527 - country_pipeline - INFO - Successfully fetched data for Pitcairn Islands
2025-09-21 15:50:27,527 - country_pipeline - INFO - Successfully fetched data for Pitcairn Islands
2025-09-21 15:50:27,527 - country_pipeline - INFO - Successfully fetched data for Pitcairn Islands
2025-09-21 15:50:27,634 - country_pipeline - INFO - Successfully fetched data for Nigeria
2025-09-21 15:50:27,634 - country_pipeline - INFO - Successfully fetched data for Nigeria
2025-09-21 15:50:27,634 - country_pipeline - INFO - Successfully fetched data for Nigeria
2025-09-21 15:50:27,634 - country_pipeline - INFO - Successfully fetched data for Nigeria
2025-09-21 15:50:27,695 - country_pipeline - INFO - Successfully fetched data for Namibia
2025-09-21 15:50:27,695 - country_pipeline - INFO - Successfully fetched data for Namibia
2025-09-21 15:50:27,695 - country_pipeline - INFO - Successfully fetched data for Namibia
2025-09-21 15:50:27,695 - country_pipeline - INFO - Successfully fetched data for Namibia
2025-09-21 15:50:27,714 - country_pipeline - INFO - Successfully fetched data for Dominica
2025-09-21 15:50:27,714 - country_pipeline - INFO - Successfully fetched data for Dominica
2025-09-21 15:50:27,714 - country_pipeline - INFO - Successfully fetched data for Dominica
2025-09-21 15:50:27,714 - country_pipeline - INFO - Successfully fetched data for Dominica
2025-09-21 15:50:27,719 - country_pipeline - INFO - Successfully fetched data for Maldives
2025-09-21 15:50:27,719 - country_pipeline - INFO - Successfully fetched data for Maldives
2025-09-21 15:50:27,719 - country_pipeline - INFO - Successfully fetched data for Maldives
2025-09-21 15:50:27,719 - country_pipeline - INFO - Successfully fetched data for Maldives
2025-09-21 15:50:27,812 - country_pipeline - INFO - Successfully fetched data for Cuba
2025-09-21 15:50:27,812 - country_pipeline - INFO - Successfully fetched data for Cuba
2025-09-21 15:50:27,812 - country_pipeline - INFO - Successfully fetched data for Cuba
2025-09-21 15:50:27,812 - country_pipeline - INFO - Successfully fetched data for Cuba
2025-09-21 15:50:27,822 - country_pipeline - INFO - Successfully fetched data for British Virgin Islands
2025-09-21 15:50:27,822 - country_pipeline - INFO - Successfully fetched data for British Virgin Islands
2025-09-21 15:50:27,822 - country_pipeline - INFO - Successfully fetched data for British Virgin Islands
2025-09-21 15:50:27,822 - country_pipeline - INFO - Successfully fetched data for British Virgin Islands
2025-09-21 15:50:27,845 - country_pipeline - INFO - Successfully fetched data for Guernsey
2025-09-21 15:50:27,845 - country_pipeline - INFO - Successfully fetched data for Guernsey
2025-09-21 15:50:27,845 - country_pipeline - INFO - Successfully fetched data for Guernsey
2025-09-21 15:50:27,845 - country_pipeline - INFO - Successfully fetched data for Guernsey
2025-09-21 15:50:27,922 - country_pipeline - INFO - Successfully fetched data for Indonesia
2025-09-21 15:50:27,922 - country_pipeline - INFO - Successfully fetched data for Indonesia
2025-09-21 15:50:27,922 - country_pipeline - INFO - Successfully fetched data for Indonesia
2025-09-21 15:50:27,922 - country_pipeline - INFO - Successfully fetched data for Indonesia
2025-09-21 15:50:27,950 - country_pipeline - INFO - Successfully fetched data for Yemen
2025-09-21 15:50:27,950 - country_pipeline - INFO - Successfully fetched data for Yemen
2025-09-21 15:50:27,950 - country_pipeline - INFO - Successfully fetched data for Yemen
2025-09-21 15:50:27,950 - country_pipeline - INFO - Successfully fetched data for Yemen
2025-09-21 15:50:28,049 - country_pipeline - INFO - Successfully fetched data for Oman
2025-09-21 15:50:28,049 - country_pipeline - INFO - Successfully fetched data for Oman
2025-09-21 15:50:28,049 - country_pipeline - INFO - Successfully fetched data for Oman
2025-09-21 15:50:28,049 - country_pipeline - INFO - Successfully fetched data for Oman
2025-09-21 15:50:28,090 - country_pipeline - INFO - Successfully fetched data for Palestine
2025-09-21 15:50:28,090 - country_pipeline - INFO - Successfully fetched data for Palestine
2025-09-21 15:50:28,090 - country_pipeline - INFO - Successfully fetched data for Palestine
2025-09-21 15:50:28,090 - country_pipeline - INFO - Successfully fetched data for Palestine
2025-09-21 15:50:28,173 - country_pipeline - INFO - Successfully fetched data for Eritrea
2025-09-21 15:50:28,173 - country_pipeline - INFO - Successfully fetched data for Eritrea
2025-09-21 15:50:28,173 - country_pipeline - INFO - Successfully fetched data for Eritrea
2025-09-21 15:50:28,173 - country_pipeline - INFO - Successfully fetched data for Eritrea
2025-09-21 15:50:28,354 - country_pipeline - INFO - Successfully fetched data for Cyprus
2025-09-21 15:50:28,354 - country_pipeline - INFO - Successfully fetched data for Cyprus
2025-09-21 15:50:28,354 - country_pipeline - INFO - Successfully fetched data for Cyprus
2025-09-21 15:50:28,354 - country_pipeline - INFO - Successfully fetched data for Cyprus
2025-09-21 15:50:28,405 - country_pipeline - INFO - Successfully fetched data for Gabon
2025-09-21 15:50:28,405 - country_pipeline - INFO - Successfully fetched data for Gabon
2025-09-21 15:50:28,405 - country_pipeline - INFO - Successfully fetched data for Gabon
2025-09-21 15:50:28,405 - country_pipeline - INFO - Successfully fetched data for Gabon
2025-09-21 15:50:28,693 - country_pipeline - INFO - Successfully fetched data for Slovenia
2025-09-21 15:50:28,693 - country_pipeline - INFO - Successfully fetched data for Slovenia
2025-09-21 15:50:28,693 - country_pipeline - INFO - Successfully fetched data for Slovenia
2025-09-21 15:50:28,693 - country_pipeline - INFO - Successfully fetched data for Slovenia
2025-09-21 15:50:28,718 - country_pipeline - INFO - Successfully fetched data for Canada
2025-09-21 15:50:28,718 - country_pipeline - INFO - Successfully fetched data for Canada
2025-09-21 15:50:28,718 - country_pipeline - INFO - Successfully fetched data for Canada
2025-09-21 15:50:28,718 - country_pipeline - INFO - Successfully fetched data for Canada
2025-09-21 15:50:28,758 - country_pipeline - INFO - Successfully fetched data for Niue
2025-09-21 15:50:28,758 - country_pipeline - INFO - Successfully fetched data for Niue
2025-09-21 15:50:28,758 - country_pipeline - INFO - Successfully fetched data for Niue
2025-09-21 15:50:28,758 - country_pipeline - INFO - Successfully fetched data for Niue
2025-09-21 15:50:28,773 - country_pipeline - INFO - Successfully fetched data for Kiribati
2025-09-21 15:50:28,773 - country_pipeline - INFO - Successfully fetched data for Kiribati
2025-09-21 15:50:28,773 - country_pipeline - INFO - Successfully fetched data for Kiribati
2025-09-21 15:50:28,773 - country_pipeline - INFO - Successfully fetched data for Kiribati
2025-09-21 15:50:28,808 - country_pipeline - INFO - Successfully fetched data for Germany
2025-09-21 15:50:28,808 - country_pipeline - INFO - Successfully fetched data for Germany
2025-09-21 15:50:28,808 - country_pipeline - INFO - Successfully fetched data for Germany
2025-09-21 15:50:28,808 - country_pipeline - INFO - Successfully fetched data for Germany
2025-09-21 15:50:28,809 - country_pipeline - INFO - Successfully fetched data for Estonia
2025-09-21 15:50:28,809 - country_pipeline - INFO - Successfully fetched data for Estonia
2025-09-21 15:50:28,809 - country_pipeline - INFO - Successfully fetched data for Estonia
2025-09-21 15:50:28,809 - country_pipeline - INFO - Successfully fetched data for Estonia
2025-09-21 15:50:28,941 - country_pipeline - INFO - Successfully fetched data for Sri Lanka
2025-09-21 15:50:28,941 - country_pipeline - INFO - Successfully fetched data for Sri Lanka
2025-09-21 15:50:28,941 - country_pipeline - INFO - Successfully fetched data for Sri Lanka
2025-09-21 15:50:28,941 - country_pipeline - INFO - Successfully fetched data for Sri Lanka
2025-09-21 15:50:28,974 - country_pipeline - INFO - Successfully fetched data for Saint Martin
2025-09-21 15:50:28,974 - country_pipeline - INFO - Successfully fetched data for Saint Martin
2025-09-21 15:50:28,974 - country_pipeline - INFO - Successfully fetched data for Saint Martin
2025-09-21 15:50:28,974 - country_pipeline - INFO - Successfully fetched data for Saint Martin
2025-09-21 15:50:28,988 - country_pipeline - INFO - Successfully fetched data for Belgium
2025-09-21 15:50:28,988 - country_pipeline - INFO - Successfully fetched data for Belgium
2025-09-21 15:50:28,988 - country_pipeline - INFO - Successfully fetched data for Belgium
2025-09-21 15:50:28,988 - country_pipeline - INFO - Successfully fetched data for Belgium
2025-09-21 15:50:29,122 - country_pipeline - INFO - Successfully fetched data for Åland Islands
2025-09-21 15:50:29,122 - country_pipeline - INFO - Successfully fetched data for Åland Islands
2025-09-21 15:50:29,122 - country_pipeline - INFO - Successfully fetched data for Åland Islands
2025-09-21 15:50:29,122 - country_pipeline - INFO - Successfully fetched data for Åland Islands
2025-09-21 15:50:29,333 - country_pipeline - INFO - Successfully fetched data for Israel
2025-09-21 15:50:29,333 - country_pipeline - INFO - Successfully fetched data for Israel
2025-09-21 15:50:29,333 - country_pipeline - INFO - Successfully fetched data for Israel
2025-09-21 15:50:29,333 - country_pipeline - INFO - Successfully fetched data for Israel
2025-09-21 15:50:29,393 - country_pipeline - INFO - Successfully fetched data for Bermuda
2025-09-21 15:50:29,393 - country_pipeline - INFO - Successfully fetched data for Bermuda
2025-09-21 15:50:29,393 - country_pipeline - INFO - Successfully fetched data for Bermuda
2025-09-21 15:50:29,393 - country_pipeline - INFO - Successfully fetched data for Bermuda
2025-09-21 15:50:29,423 - country_pipeline - INFO - Successfully fetched data for Slovakia
2025-09-21 15:50:29,423 - country_pipeline - INFO - Successfully fetched data for Slovakia
2025-09-21 15:50:29,423 - country_pipeline - INFO - Successfully fetched data for Slovakia
2025-09-21 15:50:29,423 - country_pipeline - INFO - Successfully fetched data for Slovakia
2025-09-21 15:50:29,459 - country_pipeline - INFO - Successfully fetched data for Northern Mariana Islands
2025-09-21 15:50:29,459 - country_pipeline - INFO - Successfully fetched data for Northern Mariana Islands
2025-09-21 15:50:29,459 - country_pipeline - INFO - Successfully fetched data for Northern Mariana Islands
2025-09-21 15:50:29,459 - country_pipeline - INFO - Successfully fetched data for Northern Mariana Islands
2025-09-21 15:50:29,650 - country_pipeline - INFO - Successfully fetched data for Hong Kong
2025-09-21 15:50:29,650 - country_pipeline - INFO - Successfully fetched data for Hong Kong
2025-09-21 15:50:29,650 - country_pipeline - INFO - Successfully fetched data for Hong Kong
2025-09-21 15:50:29,650 - country_pipeline - INFO - Successfully fetched data for Hong Kong
2025-09-21 15:50:29,676 - country_pipeline - INFO - Successfully fetched data for Gibraltar
2025-09-21 15:50:29,676 - country_pipeline - INFO - Successfully fetched data for Gibraltar
2025-09-21 15:50:29,676 - country_pipeline - INFO - Successfully fetched data for Gibraltar
2025-09-21 15:50:29,676 - country_pipeline - INFO - Successfully fetched data for Gibraltar
2025-09-21 15:50:29,708 - country_pipeline - INFO - Successfully fetched data for Ivory Coast
2025-09-21 15:50:29,708 - country_pipeline - INFO - Successfully fetched data for Ivory Coast
2025-09-21 15:50:29,708 - country_pipeline - INFO - Successfully fetched data for Ivory Coast
2025-09-21 15:50:29,708 - country_pipeline - INFO - Successfully fetched data for Ivory Coast
2025-09-21 15:50:29,862 - country_pipeline - INFO - Successfully fetched data for San Marino
2025-09-21 15:50:29,862 - country_pipeline - INFO - Successfully fetched data for San Marino
2025-09-21 15:50:29,862 - country_pipeline - INFO - Successfully fetched data for San Marino
2025-09-21 15:50:29,862 - country_pipeline - INFO - Successfully fetched data for San Marino
2025-09-21 15:50:29,865 - country_pipeline - INFO - Successfully fetched data for Peru
2025-09-21 15:50:29,865 - country_pipeline - INFO - Successfully fetched data for Peru
2025-09-21 15:50:29,865 - country_pipeline - INFO - Successfully fetched data for Peru
2025-09-21 15:50:29,865 - country_pipeline - INFO - Successfully fetched data for Peru
2025-09-21 15:50:29,895 - country_pipeline - INFO - Successfully fetched data for Timor-Leste
2025-09-21 15:50:29,895 - country_pipeline - INFO - Successfully fetched data for Timor-Leste
2025-09-21 15:50:29,895 - country_pipeline - INFO - Successfully fetched data for Timor-Leste
2025-09-21 15:50:29,895 - country_pipeline - INFO - Successfully fetched data for Timor-Leste
2025-09-21 15:50:29,921 - country_pipeline - INFO - Successfully fetched data for Gambia
2025-09-21 15:50:29,921 - country_pipeline - INFO - Successfully fetched data for Gambia
2025-09-21 15:50:29,921 - country_pipeline - INFO - Successfully fetched data for Gambia
2025-09-21 15:50:29,921 - country_pipeline - INFO - Successfully fetched data for Gambia
2025-09-21 15:50:30,005 - country_pipeline - INFO - Successfully fetched data for Guinea-Bissau
2025-09-21 15:50:30,005 - country_pipeline - INFO - Successfully fetched data for Guinea-Bissau
2025-09-21 15:50:30,005 - country_pipeline - INFO - Successfully fetched data for Guinea-Bissau
2025-09-21 15:50:30,005 - country_pipeline - INFO - Successfully fetched data for Guinea-Bissau
2025-09-21 15:50:30,012 - country_pipeline - INFO - Successfully fetched data for Bouvet Island
2025-09-21 15:50:30,012 - country_pipeline - INFO - Successfully fetched data for Bouvet Island
2025-09-21 15:50:30,012 - country_pipeline - INFO - Successfully fetched data for Bouvet Island
2025-09-21 15:50:30,012 - country_pipeline - INFO - Successfully fetched data for Bouvet Island
2025-09-21 15:50:30,025 - country_pipeline - INFO - Successfully fetched data for Sierra Leone
2025-09-21 15:50:30,025 - country_pipeline - INFO - Successfully fetched data for Sierra Leone
2025-09-21 15:50:30,025 - country_pipeline - INFO - Successfully fetched data for Sierra Leone
2025-09-21 15:50:30,025 - country_pipeline - INFO - Successfully fetched data for Sierra Leone
2025-09-21 15:50:30,029 - country_pipeline - INFO - Successfully fetched data for Turkey
2025-09-21 15:50:30,029 - country_pipeline - INFO - Successfully fetched data for Turkey
2025-09-21 15:50:30,029 - country_pipeline - INFO - Successfully fetched data for Turkey
2025-09-21 15:50:30,029 - country_pipeline - INFO - Successfully fetched data for Turkey
2025-09-21 15:50:30,057 - country_pipeline - INFO - Successfully fetched data for Niger
2025-09-21 15:50:30,057 - country_pipeline - INFO - Successfully fetched data for Niger
2025-09-21 15:50:30,057 - country_pipeline - INFO - Successfully fetched data for Niger
2025-09-21 15:50:30,057 - country_pipeline - INFO - Successfully fetched data for Niger
2025-09-21 15:50:30,070 - country_pipeline - INFO - Successfully fetched data for Denmark
2025-09-21 15:50:30,070 - country_pipeline - INFO - Successfully fetched data for Denmark
2025-09-21 15:50:30,070 - country_pipeline - INFO - Successfully fetched data for Denmark
2025-09-21 15:50:30,070 - country_pipeline - INFO - Successfully fetched data for Denmark
2025-09-21 15:50:30,128 - country_pipeline - INFO - Successfully fetched data for Bolivia
2025-09-21 15:50:30,128 - country_pipeline - INFO - Successfully fetched data for Bolivia
2025-09-21 15:50:30,128 - country_pipeline - INFO - Successfully fetched data for Bolivia
2025-09-21 15:50:30,128 - country_pipeline - INFO - Successfully fetched data for Bolivia
2025-09-21 15:50:30,262 - country_pipeline - INFO - Successfully fetched data for Kosovo
2025-09-21 15:50:30,262 - country_pipeline - INFO - Successfully fetched data for Kosovo
2025-09-21 15:50:30,262 - country_pipeline - INFO - Successfully fetched data for Kosovo
2025-09-21 15:50:30,262 - country_pipeline - INFO - Successfully fetched data for Kosovo
2025-09-21 15:50:30,296 - country_pipeline - INFO - Successfully fetched data for Norway
2025-09-21 15:50:30,296 - country_pipeline - INFO - Successfully fetched data for Norway
2025-09-21 15:50:30,296 - country_pipeline - INFO - Successfully fetched data for Norway
2025-09-21 15:50:30,296 - country_pipeline - INFO - Successfully fetched data for Norway
2025-09-21 15:50:30,360 - country_pipeline - INFO - Successfully fetched data for Eswatini
2025-09-21 15:50:30,360 - country_pipeline - INFO - Successfully fetched data for Eswatini
2025-09-21 15:50:30,360 - country_pipeline - INFO - Successfully fetched data for Eswatini
2025-09-21 15:50:30,360 - country_pipeline - INFO - Successfully fetched data for Eswatini
2025-09-21 15:50:30,408 - country_pipeline - INFO - Successfully fetched data for Republic of the Congo
2025-09-21 15:50:30,408 - country_pipeline - INFO - Successfully fetched data for Republic of the Congo
2025-09-21 15:50:30,408 - country_pipeline - INFO - Successfully fetched data for Republic of the Congo
2025-09-21 15:50:30,408 - country_pipeline - INFO - Successfully fetched data for Republic of the Congo
2025-09-21 15:50:30,429 - country_pipeline - INFO - Successfully fetched data for Paraguay
2025-09-21 15:50:30,429 - country_pipeline - INFO - Successfully fetched data for Paraguay
2025-09-21 15:50:30,429 - country_pipeline - INFO - Successfully fetched data for Paraguay
2025-09-21 15:50:30,429 - country_pipeline - INFO - Successfully fetched data for Paraguay
2025-09-21 15:50:30,625 - country_pipeline - INFO - Successfully fetched data for Ukraine
2025-09-21 15:50:30,625 - country_pipeline - INFO - Successfully fetched data for Ukraine
2025-09-21 15:50:30,625 - country_pipeline - INFO - Successfully fetched data for Ukraine
2025-09-21 15:50:30,625 - country_pipeline - INFO - Successfully fetched data for Ukraine
2025-09-21 15:50:30,736 - country_pipeline - INFO - Successfully fetched data for Syria
2025-09-21 15:50:30,736 - country_pipeline - INFO - Successfully fetched data for Syria
2025-09-21 15:50:30,736 - country_pipeline - INFO - Successfully fetched data for Syria
2025-09-21 15:50:30,736 - country_pipeline - INFO - Successfully fetched data for Syria
2025-09-21 15:50:30,778 - country_pipeline - INFO - Successfully fetched data for Tonga
2025-09-21 15:50:30,778 - country_pipeline - INFO - Successfully fetched data for Tonga
2025-09-21 15:50:30,778 - country_pipeline - INFO - Successfully fetched data for Tonga
2025-09-21 15:50:30,778 - country_pipeline - INFO - Successfully fetched data for Tonga
2025-09-21 15:50:30,938 - country_pipeline - INFO - Successfully fetched data for Benin
2025-09-21 15:50:30,938 - country_pipeline - INFO - Successfully fetched data for Benin
2025-09-21 15:50:30,938 - country_pipeline - INFO - Successfully fetched data for Benin
2025-09-21 15:50:30,938 - country_pipeline - INFO - Successfully fetched data for Benin
2025-09-21 15:50:30,992 - country_pipeline - INFO - Successfully fetched data for Tuvalu
2025-09-21 15:50:30,992 - country_pipeline - INFO - Successfully fetched data for Tuvalu
2025-09-21 15:50:30,992 - country_pipeline - INFO - Successfully fetched data for Tuvalu
2025-09-21 15:50:30,992 - country_pipeline - INFO - Successfully fetched data for Tuvalu
2025-09-21 15:50:31,062 - country_pipeline - INFO - Successfully fetched data for Mongolia
2025-09-21 15:50:31,062 - country_pipeline - INFO - Successfully fetched data for Mongolia
2025-09-21 15:50:31,062 - country_pipeline - INFO - Successfully fetched data for Mongolia
2025-09-21 15:50:31,062 - country_pipeline - INFO - Successfully fetched data for Mongolia
2025-09-21 15:50:31,164 - country_pipeline - INFO - Successfully fetched data for Curaçao
2025-09-21 15:50:31,164 - country_pipeline - INFO - Successfully fetched data for Curaçao
2025-09-21 15:50:31,164 - country_pipeline - INFO - Successfully fetched data for Curaçao
2025-09-21 15:50:31,164 - country_pipeline - INFO - Successfully fetched data for Curaçao
2025-09-21 15:50:31,170 - country_pipeline - INFO - Successfully fetched data for Saint Kitts and Nevis
2025-09-21 15:50:31,170 - country_pipeline - INFO - Successfully fetched data for Saint Kitts and Nevis
2025-09-21 15:50:31,170 - country_pipeline - INFO - Successfully fetched data for Saint Kitts and Nevis
2025-09-21 15:50:31,170 - country_pipeline - INFO - Successfully fetched data for Saint Kitts and Nevis
2025-09-21 15:50:31,215 - country_pipeline - INFO - Successfully fetched data for Ghana
2025-09-21 15:50:31,215 - country_pipeline - INFO - Successfully fetched data for Ghana
2025-09-21 15:50:31,215 - country_pipeline - INFO - Successfully fetched data for Ghana
2025-09-21 15:50:31,215 - country_pipeline - INFO - Successfully fetched data for Ghana
2025-09-21 15:50:31,283 - country_pipeline - INFO - Successfully fetched data for Vietnam
2025-09-21 15:50:31,283 - country_pipeline - INFO - Successfully fetched data for Vietnam
2025-09-21 15:50:31,283 - country_pipeline - INFO - Successfully fetched data for Vietnam
2025-09-21 15:50:31,283 - country_pipeline - INFO - Successfully fetched data for Vietnam
2025-09-21 15:50:31,394 - country_pipeline - INFO - Successfully fetched data for Azerbaijan
2025-09-21 15:50:31,394 - country_pipeline - INFO - Successfully fetched data for Azerbaijan
2025-09-21 15:50:31,394 - country_pipeline - INFO - Successfully fetched data for Azerbaijan
2025-09-21 15:50:31,394 - country_pipeline - INFO - Successfully fetched data for Azerbaijan
2025-09-21 15:50:31,408 - country_pipeline - INFO - Successfully fetched data for Cameroon
2025-09-21 15:50:31,408 - country_pipeline - INFO - Successfully fetched data for Cameroon
2025-09-21 15:50:31,408 - country_pipeline - INFO - Successfully fetched data for Cameroon
2025-09-21 15:50:31,408 - country_pipeline - INFO - Successfully fetched data for Cameroon
2025-09-21 15:50:31,475 - country_pipeline - INFO - Successfully fetched data for Egypt
2025-09-21 15:50:31,475 - country_pipeline - INFO - Successfully fetched data for Egypt
2025-09-21 15:50:31,475 - country_pipeline - INFO - Successfully fetched data for Egypt
2025-09-21 15:50:31,475 - country_pipeline - INFO - Successfully fetched data for Egypt
2025-09-21 15:50:31,491 - country_pipeline - INFO - Successfully fetched data for Iraq
2025-09-21 15:50:31,491 - country_pipeline - INFO - Successfully fetched data for Iraq
2025-09-21 15:50:31,491 - country_pipeline - INFO - Successfully fetched data for Iraq
2025-09-21 15:50:31,491 - country_pipeline - INFO - Successfully fetched data for Iraq
2025-09-21 15:50:31,641 - country_pipeline - INFO - Successfully fetched data for Venezuela
2025-09-21 15:50:31,641 - country_pipeline - INFO - Successfully fetched data for Venezuela
2025-09-21 15:50:31,641 - country_pipeline - INFO - Successfully fetched data for Venezuela
2025-09-21 15:50:31,641 - country_pipeline - INFO - Successfully fetched data for Venezuela
2025-09-21 15:50:31,658 - country_pipeline - INFO - Successfully fetched data for South Africa
2025-09-21 15:50:31,658 - country_pipeline - INFO - Successfully fetched data for South Africa
2025-09-21 15:50:31,658 - country_pipeline - INFO - Successfully fetched data for South Africa
2025-09-21 15:50:31,658 - country_pipeline - INFO - Successfully fetched data for South Africa
2025-09-21 15:50:31,853 - country_pipeline - INFO - Successfully fetched data for Sweden
2025-09-21 15:50:31,853 - country_pipeline - INFO - Successfully fetched data for Sweden
2025-09-21 15:50:31,853 - country_pipeline - INFO - Successfully fetched data for Sweden
2025-09-21 15:50:31,853 - country_pipeline - INFO - Successfully fetched data for Sweden
2025-09-21 15:50:32,062 - country_pipeline - INFO - Successfully fetched data for Taiwan
2025-09-21 15:50:32,062 - country_pipeline - INFO - Successfully fetched data for Taiwan
2025-09-21 15:50:32,062 - country_pipeline - INFO - Successfully fetched data for Taiwan
2025-09-21 15:50:32,062 - country_pipeline - INFO - Successfully fetched data for Taiwan
2025-09-21 15:50:32,111 - country_pipeline - INFO - Successfully fetched data for Malawi
2025-09-21 15:50:32,111 - country_pipeline - INFO - Successfully fetched data for Malawi
2025-09-21 15:50:32,111 - country_pipeline - INFO - Successfully fetched data for Malawi
2025-09-21 15:50:32,111 - country_pipeline - INFO - Successfully fetched data for Malawi
2025-09-21 15:50:32,196 - country_pipeline - INFO - Successfully fetched data for Guyana
2025-09-21 15:50:32,196 - country_pipeline - INFO - Successfully fetched data for Guyana
2025-09-21 15:50:32,196 - country_pipeline - INFO - Successfully fetched data for Guyana
2025-09-21 15:50:32,196 - country_pipeline - INFO - Successfully fetched data for Guyana
2025-09-21 15:50:32,307 - country_pipeline - INFO - Successfully fetched data for Angola
2025-09-21 15:50:32,307 - country_pipeline - INFO - Successfully fetched data for Angola
2025-09-21 15:50:32,307 - country_pipeline - INFO - Successfully fetched data for Angola
2025-09-21 15:50:32,307 - country_pipeline - INFO - Successfully fetched data for Angola
2025-09-21 15:50:32,361 - country_pipeline - INFO - Successfully fetched data for Malaysia
2025-09-21 15:50:32,361 - country_pipeline - INFO - Successfully fetched data for Malaysia
2025-09-21 15:50:32,361 - country_pipeline - INFO - Successfully fetched data for Malaysia
2025-09-21 15:50:32,361 - country_pipeline - INFO - Successfully fetched data for Malaysia
2025-09-21 15:50:32,371 - country_pipeline - INFO - Successfully fetched data for North Korea
2025-09-21 15:50:32,371 - country_pipeline - INFO - Successfully fetched data for North Korea
2025-09-21 15:50:32,371 - country_pipeline - INFO - Successfully fetched data for North Korea
2025-09-21 15:50:32,371 - country_pipeline - INFO - Successfully fetched data for North Korea
2025-09-21 15:50:32,393 - country_pipeline - INFO - Successfully fetched data for Saint Barthélemy
2025-09-21 15:50:32,393 - country_pipeline - INFO - Successfully fetched data for Saint Barthélemy
2025-09-21 15:50:32,393 - country_pipeline - INFO - Successfully fetched data for Saint Barthélemy
2025-09-21 15:50:32,393 - country_pipeline - INFO - Successfully fetched data for Saint Barthélemy
2025-09-21 15:50:32,432 - country_pipeline - INFO - Successfully fetched data for Russia
2025-09-21 15:50:32,432 - country_pipeline - INFO - Successfully fetched data for Russia
2025-09-21 15:50:32,432 - country_pipeline - INFO - Successfully fetched data for Russia
2025-09-21 15:50:32,432 - country_pipeline - INFO - Successfully fetched data for Russia
2025-09-21 15:50:32,444 - country_pipeline - INFO - Successfully fetched data for Bulgaria
2025-09-21 15:50:32,444 - country_pipeline - INFO - Successfully fetched data for Bulgaria
2025-09-21 15:50:32,444 - country_pipeline - INFO - Successfully fetched data for Bulgaria
2025-09-21 15:50:32,444 - country_pipeline - INFO - Successfully fetched data for Bulgaria
2025-09-21 15:50:32,488 - country_pipeline - INFO - Successfully fetched data for Burkina Faso
2025-09-21 15:50:32,488 - country_pipeline - INFO - Successfully fetched data for Burkina Faso
2025-09-21 15:50:32,488 - country_pipeline - INFO - Successfully fetched data for Burkina Faso
2025-09-21 15:50:32,488 - country_pipeline - INFO - Successfully fetched data for Burkina Faso
2025-09-21 15:50:32,506 - country_pipeline - INFO - Successfully fetched data for Vatican City
2025-09-21 15:50:32,506 - country_pipeline - INFO - Successfully fetched data for Vatican City
2025-09-21 15:50:32,506 - country_pipeline - INFO - Successfully fetched data for Vatican City
2025-09-21 15:50:32,506 - country_pipeline - INFO - Successfully fetched data for Vatican City
2025-09-21 15:50:32,590 - country_pipeline - INFO - Successfully fetched data for Australia
2025-09-21 15:50:32,590 - country_pipeline - INFO - Successfully fetched data for Australia
2025-09-21 15:50:32,590 - country_pipeline - INFO - Successfully fetched data for Australia
2025-09-21 15:50:32,590 - country_pipeline - INFO - Successfully fetched data for Australia
2025-09-21 15:50:32,696 - country_pipeline - INFO - Successfully fetched data for Barbados
2025-09-21 15:50:32,696 - country_pipeline - INFO - Successfully fetched data for Barbados
2025-09-21 15:50:32,696 - country_pipeline - INFO - Successfully fetched data for Barbados
2025-09-21 15:50:32,696 - country_pipeline - INFO - Successfully fetched data for Barbados
2025-09-21 15:50:32,733 - country_pipeline - INFO - Successfully fetched data for Andorra
2025-09-21 15:50:32,733 - country_pipeline - INFO - Successfully fetched data for Andorra
2025-09-21 15:50:32,733 - country_pipeline - INFO - Successfully fetched data for Andorra
2025-09-21 15:50:32,733 - country_pipeline - INFO - Successfully fetched data for Andorra
2025-09-21 15:50:32,775 - country_pipeline - INFO - Successfully fetched data for Kyrgyzstan
2025-09-21 15:50:32,775 - country_pipeline - INFO - Successfully fetched data for Kyrgyzstan
2025-09-21 15:50:32,775 - country_pipeline - INFO - Successfully fetched data for Kyrgyzstan
2025-09-21 15:50:32,775 - country_pipeline - INFO - Successfully fetched data for Kyrgyzstan
2025-09-21 15:50:32,783 - country_pipeline - INFO - Successfully fetched data for Croatia
2025-09-21 15:50:32,783 - country_pipeline - INFO - Successfully fetched data for Croatia
2025-09-21 15:50:32,783 - country_pipeline - INFO - Successfully fetched data for Croatia
2025-09-21 15:50:32,783 - country_pipeline - INFO - Successfully fetched data for Croatia
2025-09-21 15:50:32,837 - country_pipeline - INFO - Successfully fetched data for Falkland Islands
2025-09-21 15:50:32,837 - country_pipeline - INFO - Successfully fetched data for Falkland Islands
2025-09-21 15:50:32,837 - country_pipeline - INFO - Successfully fetched data for Falkland Islands
2025-09-21 15:50:32,837 - country_pipeline - INFO - Successfully fetched data for Falkland Islands
2025-09-21 15:50:32,857 - country_pipeline - INFO - Successfully fetched data for Isle of Man
2025-09-21 15:50:32,857 - country_pipeline - INFO - Successfully fetched data for Isle of Man
2025-09-21 15:50:32,857 - country_pipeline - INFO - Successfully fetched data for Isle of Man
2025-09-21 15:50:32,857 - country_pipeline - INFO - Successfully fetched data for Isle of Man
2025-09-21 15:50:33,025 - country_pipeline - INFO - Successfully fetched data for Bhutan
2025-09-21 15:50:33,025 - country_pipeline - INFO - Successfully fetched data for Bhutan
2025-09-21 15:50:33,025 - country_pipeline - INFO - Successfully fetched data for Bhutan
2025-09-21 15:50:33,025 - country_pipeline - INFO - Successfully fetched data for Bhutan
2025-09-21 15:50:33,088 - country_pipeline - INFO - Successfully fetched data for Belarus
2025-09-21 15:50:33,088 - country_pipeline - INFO - Successfully fetched data for Belarus
2025-09-21 15:50:33,088 - country_pipeline - INFO - Successfully fetched data for Belarus
2025-09-21 15:50:33,088 - country_pipeline - INFO - Successfully fetched data for Belarus
2025-09-21 15:50:33,145 - country_pipeline - INFO - Successfully fetched data for Cocos (Keeling) Islands
2025-09-21 15:50:33,145 - country_pipeline - INFO - Successfully fetched data for Cocos (Keeling) Islands
2025-09-21 15:50:33,145 - country_pipeline - INFO - Successfully fetched data for Cocos (Keeling) Islands
2025-09-21 15:50:33,145 - country_pipeline - INFO - Successfully fetched data for Cocos (Keeling) Islands
2025-09-21 15:50:33,422 - country_pipeline - INFO - Successfully fetched data for Madagascar
2025-09-21 15:50:33,422 - country_pipeline - INFO - Successfully fetched data for Madagascar
2025-09-21 15:50:33,422 - country_pipeline - INFO - Successfully fetched data for Madagascar
2025-09-21 15:50:33,422 - country_pipeline - INFO - Successfully fetched data for Madagascar
2025-09-21 15:50:33,474 - country_pipeline - INFO - Successfully fetched data for Georgia
2025-09-21 15:50:33,474 - country_pipeline - INFO - Successfully fetched data for Georgia
2025-09-21 15:50:33,474 - country_pipeline - INFO - Successfully fetched data for Georgia
2025-09-21 15:50:33,474 - country_pipeline - INFO - Successfully fetched data for Georgia
2025-09-21 15:50:33,495 - country_pipeline - INFO - Successfully fetched data for Iceland
2025-09-21 15:50:33,495 - country_pipeline - INFO - Successfully fetched data for Iceland
2025-09-21 15:50:33,495 - country_pipeline - INFO - Successfully fetched data for Iceland
2025-09-21 15:50:33,495 - country_pipeline - INFO - Successfully fetched data for Iceland
2025-09-21 15:50:33,518 - country_pipeline - INFO - Successfully fetched data for India
2025-09-21 15:50:33,518 - country_pipeline - INFO - Successfully fetched data for India
2025-09-21 15:50:33,518 - country_pipeline - INFO - Successfully fetched data for India
2025-09-21 15:50:33,518 - country_pipeline - INFO - Successfully fetched data for India
2025-09-21 15:50:33,571 - country_pipeline - INFO - Successfully fetched data for Saint Pierre and Miquelon
2025-09-21 15:50:33,571 - country_pipeline - INFO - Successfully fetched data for Saint Pierre and Miquelon
2025-09-21 15:50:33,571 - country_pipeline - INFO - Successfully fetched data for Saint Pierre and Miquelon
2025-09-21 15:50:33,571 - country_pipeline - INFO - Successfully fetched data for Saint Pierre and Miquelon
2025-09-21 15:50:33,621 - country_pipeline - INFO - Successfully fetched data for Puerto Rico
2025-09-21 15:50:33,621 - country_pipeline - INFO - Successfully fetched data for Puerto Rico
2025-09-21 15:50:33,621 - country_pipeline - INFO - Successfully fetched data for Puerto Rico
2025-09-21 15:50:33,621 - country_pipeline - INFO - Successfully fetched data for Puerto Rico
2025-09-21 15:50:33,632 - country_pipeline - INFO - Successfully fetched data for New Zealand
2025-09-21 15:50:33,632 - country_pipeline - INFO - Successfully fetched data for New Zealand
2025-09-21 15:50:33,632 - country_pipeline - INFO - Successfully fetched data for New Zealand
2025-09-21 15:50:33,632 - country_pipeline - INFO - Successfully fetched data for New Zealand
2025-09-21 15:50:33,690 - country_pipeline - INFO - Successfully fetched data for Thailand
2025-09-21 15:50:33,690 - country_pipeline - INFO - Successfully fetched data for Thailand
2025-09-21 15:50:33,690 - country_pipeline - INFO - Successfully fetched data for Thailand
2025-09-21 15:50:33,690 - country_pipeline - INFO - Successfully fetched data for Thailand
2025-09-21 15:50:33,695 - country_pipeline - INFO - Successfully fetched data for Djibouti
2025-09-21 15:50:33,695 - country_pipeline - INFO - Successfully fetched data for Djibouti
2025-09-21 15:50:33,695 - country_pipeline - INFO - Successfully fetched data for Djibouti
2025-09-21 15:50:33,695 - country_pipeline - INFO - Successfully fetched data for Djibouti
2025-09-21 15:50:33,711 - country_pipeline - INFO - Successfully fetched data for China
2025-09-21 15:50:33,711 - country_pipeline - INFO - Successfully fetched data for China
2025-09-21 15:50:33,711 - country_pipeline - INFO - Successfully fetched data for China
2025-09-21 15:50:33,711 - country_pipeline - INFO - Successfully fetched data for China
2025-09-21 15:50:33,790 - country_pipeline - INFO - Successfully fetched data for Ethiopia
2025-09-21 15:50:33,790 - country_pipeline - INFO - Successfully fetched data for Ethiopia
2025-09-21 15:50:33,790 - country_pipeline - INFO - Successfully fetched data for Ethiopia
2025-09-21 15:50:33,790 - country_pipeline - INFO - Successfully fetched data for Ethiopia
2025-09-21 15:50:33,794 - country_pipeline - INFO - Successfully fetched data for Zambia
2025-09-21 15:50:33,794 - country_pipeline - INFO - Successfully fetched data for Zambia
2025-09-21 15:50:33,794 - country_pipeline - INFO - Successfully fetched data for Zambia
2025-09-21 15:50:33,794 - country_pipeline - INFO - Successfully fetched data for Zambia
2025-09-21 15:50:33,864 - country_pipeline - INFO - Successfully fetched data for Macau
2025-09-21 15:50:33,864 - country_pipeline - INFO - Successfully fetched data for Macau
2025-09-21 15:50:33,864 - country_pipeline - INFO - Successfully fetched data for Macau
2025-09-21 15:50:33,864 - country_pipeline - INFO - Successfully fetched data for Macau
2025-09-21 15:50:34,057 - country_pipeline - INFO - Successfully fetched data for Martinique
2025-09-21 15:50:34,057 - country_pipeline - INFO - Successfully fetched data for Martinique
2025-09-21 15:50:34,057 - country_pipeline - INFO - Successfully fetched data for Martinique
2025-09-21 15:50:34,057 - country_pipeline - INFO - Successfully fetched data for Martinique
2025-09-21 15:50:34,091 - country_pipeline - INFO - Successfully fetched data for Suriname
2025-09-21 15:50:34,091 - country_pipeline - INFO - Successfully fetched data for Suriname
2025-09-21 15:50:34,091 - country_pipeline - INFO - Successfully fetched data for Suriname
2025-09-21 15:50:34,091 - country_pipeline - INFO - Successfully fetched data for Suriname
2025-09-21 15:50:34,134 - country_pipeline - INFO - Successfully fetched data for Uruguay
2025-09-21 15:50:34,134 - country_pipeline - INFO - Successfully fetched data for Uruguay
2025-09-21 15:50:34,134 - country_pipeline - INFO - Successfully fetched data for Uruguay
2025-09-21 15:50:34,134 - country_pipeline - INFO - Successfully fetched data for Uruguay
2025-09-21 15:50:34,451 - country_pipeline - INFO - Successfully fetched data for Italy
2025-09-21 15:50:34,451 - country_pipeline - INFO - Successfully fetched data for Italy
2025-09-21 15:50:34,451 - country_pipeline - INFO - Successfully fetched data for Italy
2025-09-21 15:50:34,451 - country_pipeline - INFO - Successfully fetched data for Italy
2025-09-21 15:50:34,558 - country_pipeline - INFO - Successfully fetched data for New Caledonia
2025-09-21 15:50:34,558 - country_pipeline - INFO - Successfully fetched data for New Caledonia
2025-09-21 15:50:34,558 - country_pipeline - INFO - Successfully fetched data for New Caledonia
2025-09-21 15:50:34,558 - country_pipeline - INFO - Successfully fetched data for New Caledonia
2025-09-21 15:50:34,623 - country_pipeline - INFO - Successfully fetched data for Guatemala
2025-09-21 15:50:34,623 - country_pipeline - INFO - Successfully fetched data for Guatemala
2025-09-21 15:50:34,623 - country_pipeline - INFO - Successfully fetched data for Guatemala
2025-09-21 15:50:34,623 - country_pipeline - INFO - Successfully fetched data for Guatemala
2025-09-21 15:50:34,639 - country_pipeline - INFO - Successfully fetched data for Fiji
2025-09-21 15:50:34,639 - country_pipeline - INFO - Successfully fetched data for Fiji
2025-09-21 15:50:34,639 - country_pipeline - INFO - Successfully fetched data for Fiji
2025-09-21 15:50:34,639 - country_pipeline - INFO - Successfully fetched data for Fiji
2025-09-21 15:50:34,658 - country_pipeline - INFO - Successfully fetched data for Aruba
2025-09-21 15:50:34,658 - country_pipeline - INFO - Successfully fetched data for Aruba
2025-09-21 15:50:34,658 - country_pipeline - INFO - Successfully fetched data for Aruba
2025-09-21 15:50:34,658 - country_pipeline - INFO - Successfully fetched data for Aruba
2025-09-21 15:50:34,740 - country_pipeline - INFO - Successfully fetched data for São Tomé and Príncipe
2025-09-21 15:50:34,740 - country_pipeline - INFO - Successfully fetched data for São Tomé and Príncipe
2025-09-21 15:50:34,740 - country_pipeline - INFO - Successfully fetched data for São Tomé and Príncipe
2025-09-21 15:50:34,740 - country_pipeline - INFO - Successfully fetched data for São Tomé and Príncipe
2025-09-21 15:50:34,797 - country_pipeline - INFO - Successfully fetched data for Afghanistan
2025-09-21 15:50:34,797 - country_pipeline - INFO - Successfully fetched data for Afghanistan
2025-09-21 15:50:34,797 - country_pipeline - INFO - Successfully fetched data for Afghanistan
2025-09-21 15:50:34,797 - country_pipeline - INFO - Successfully fetched data for Afghanistan
2025-09-21 15:50:34,825 - country_pipeline - INFO - Successfully fetched data for Switzerland
2025-09-21 15:50:34,825 - country_pipeline - INFO - Successfully fetched data for Switzerland
2025-09-21 15:50:34,825 - country_pipeline - INFO - Successfully fetched data for Switzerland
2025-09-21 15:50:34,825 - country_pipeline - INFO - Successfully fetched data for Switzerland
2025-09-21 15:50:34,959 - country_pipeline - INFO - Successfully fetched data for Finland
2025-09-21 15:50:34,959 - country_pipeline - INFO - Successfully fetched data for Finland
2025-09-21 15:50:34,959 - country_pipeline - INFO - Successfully fetched data for Finland
2025-09-21 15:50:34,959 - country_pipeline - INFO - Successfully fetched data for Finland
2025-09-21 15:50:34,992 - country_pipeline - INFO - Successfully fetched data for El Salvador
2025-09-21 15:50:34,992 - country_pipeline - INFO - Successfully fetched data for El Salvador
2025-09-21 15:50:34,992 - country_pipeline - INFO - Successfully fetched data for El Salvador
2025-09-21 15:50:34,992 - country_pipeline - INFO - Successfully fetched data for El Salvador
2025-09-21 15:50:35,003 - country_pipeline - INFO - Successfully fetched data for Tokelau
2025-09-21 15:50:35,003 - country_pipeline - INFO - Successfully fetched data for Tokelau
2025-09-21 15:50:35,003 - country_pipeline - INFO - Successfully fetched data for Tokelau
2025-09-21 15:50:35,003 - country_pipeline - INFO - Successfully fetched data for Tokelau
2025-09-21 15:50:35,075 - country_pipeline - INFO - Successfully fetched data for Jordan
2025-09-21 15:50:35,075 - country_pipeline - INFO - Successfully fetched data for Jordan
2025-09-21 15:50:35,075 - country_pipeline - INFO - Successfully fetched data for Jordan
2025-09-21 15:50:35,075 - country_pipeline - INFO - Successfully fetched data for Jordan
2025-09-21 15:50:35,214 - country_pipeline - INFO - Successfully fetched data for Wallis and Futuna
2025-09-21 15:50:35,214 - country_pipeline - INFO - Successfully fetched data for Wallis and Futuna
2025-09-21 15:50:35,214 - country_pipeline - INFO - Successfully fetched data for Wallis and Futuna
2025-09-21 15:50:35,214 - country_pipeline - INFO - Successfully fetched data for Wallis and Futuna
2025-09-21 15:50:35,258 - country_pipeline - INFO - Successfully fetched data for Poland
2025-09-21 15:50:35,258 - country_pipeline - INFO - Successfully fetched data for Poland
2025-09-21 15:50:35,258 - country_pipeline - INFO - Successfully fetched data for Poland
2025-09-21 15:50:35,258 - country_pipeline - INFO - Successfully fetched data for Poland
2025-09-21 15:50:35,304 - country_pipeline - INFO - Successfully fetched data for Nauru
2025-09-21 15:50:35,304 - country_pipeline - INFO - Successfully fetched data for Nauru
2025-09-21 15:50:35,304 - country_pipeline - INFO - Successfully fetched data for Nauru
2025-09-21 15:50:35,304 - country_pipeline - INFO - Successfully fetched data for Nauru
2025-09-21 15:50:35,437 - country_pipeline - INFO - Successfully fetched data for Malta
2025-09-21 15:50:35,437 - country_pipeline - INFO - Successfully fetched data for Malta
2025-09-21 15:50:35,437 - country_pipeline - INFO - Successfully fetched data for Malta
2025-09-21 15:50:35,437 - country_pipeline - INFO - Successfully fetched data for Malta
2025-09-21 15:50:35,542 - country_pipeline - INFO - Successfully fetched data for Guam
2025-09-21 15:50:35,542 - country_pipeline - INFO - Successfully fetched data for Guam
2025-09-21 15:50:35,542 - country_pipeline - INFO - Successfully fetched data for Guam
2025-09-21 15:50:35,542 - country_pipeline - INFO - Successfully fetched data for Guam
2025-09-21 15:50:35,703 - country_pipeline - INFO - Successfully fetched data for North Macedonia
2025-09-21 15:50:35,703 - country_pipeline - INFO - Successfully fetched data for North Macedonia
2025-09-21 15:50:35,703 - country_pipeline - INFO - Successfully fetched data for North Macedonia
2025-09-21 15:50:35,703 - country_pipeline - INFO - Successfully fetched data for North Macedonia
2025-09-21 15:50:35,776 - country_pipeline - INFO - Successfully fetched data for Qatar
2025-09-21 15:50:35,776 - country_pipeline - INFO - Successfully fetched data for Qatar
2025-09-21 15:50:35,776 - country_pipeline - INFO - Successfully fetched data for Qatar
2025-09-21 15:50:35,776 - country_pipeline - INFO - Successfully fetched data for Qatar
2025-09-21 15:50:35,889 - country_pipeline - INFO - Successfully fetched data for France
2025-09-21 15:50:35,889 - country_pipeline - INFO - Successfully fetched data for France
2025-09-21 15:50:35,889 - country_pipeline - INFO - Successfully fetched data for France
2025-09-21 15:50:35,889 - country_pipeline - INFO - Successfully fetched data for France
2025-09-21 15:50:35,910 - country_pipeline - INFO - Successfully fetched data for Mayotte
2025-09-21 15:50:35,910 - country_pipeline - INFO - Successfully fetched data for Mayotte
2025-09-21 15:50:35,910 - country_pipeline - INFO - Successfully fetched data for Mayotte
2025-09-21 15:50:35,910 - country_pipeline - INFO - Successfully fetched data for Mayotte
2025-09-21 15:50:36,079 - country_pipeline - INFO - Successfully fetched data for Seychelles
2025-09-21 15:50:36,079 - country_pipeline - INFO - Successfully fetched data for Seychelles
2025-09-21 15:50:36,079 - country_pipeline - INFO - Successfully fetched data for Seychelles
2025-09-21 15:50:36,079 - country_pipeline - INFO - Successfully fetched data for Seychelles
2025-09-21 15:50:36,135 - country_pipeline - INFO - Successfully fetched data for Moldova
2025-09-21 15:50:36,135 - country_pipeline - INFO - Successfully fetched data for Moldova
2025-09-21 15:50:36,135 - country_pipeline - INFO - Successfully fetched data for Moldova
2025-09-21 15:50:36,135 - country_pipeline - INFO - Successfully fetched data for Moldova
2025-09-21 15:50:36,215 - country_pipeline - INFO - Successfully fetched data for South Sudan
2025-09-21 15:50:36,215 - country_pipeline - INFO - Successfully fetched data for South Sudan
2025-09-21 15:50:36,215 - country_pipeline - INFO - Successfully fetched data for South Sudan
2025-09-21 15:50:36,215 - country_pipeline - INFO - Successfully fetched data for South Sudan
2025-09-21 15:50:36,233 - country_pipeline - INFO - Successfully fetched data for Mauritania
2025-09-21 15:50:36,233 - country_pipeline - INFO - Successfully fetched data for Mauritania
2025-09-21 15:50:36,233 - country_pipeline - INFO - Successfully fetched data for Mauritania
2025-09-21 15:50:36,233 - country_pipeline - INFO - Successfully fetched data for Mauritania
2025-09-21 15:50:36,249 - country_pipeline - INFO - Successfully fetched data for DR Congo
2025-09-21 15:50:36,249 - country_pipeline - INFO - Successfully fetched data for DR Congo
2025-09-21 15:50:36,249 - country_pipeline - INFO - Successfully fetched data for DR Congo
2025-09-21 15:50:36,249 - country_pipeline - INFO - Successfully fetched data for DR Congo
2025-09-21 15:50:36,313 - country_pipeline - INFO - Successfully fetched data for Iran
2025-09-21 15:50:36,313 - country_pipeline - INFO - Successfully fetched data for Iran
2025-09-21 15:50:36,313 - country_pipeline - INFO - Successfully fetched data for Iran
2025-09-21 15:50:36,313 - country_pipeline - INFO - Successfully fetched data for Iran
2025-09-21 15:50:36,357 - country_pipeline - INFO - Successfully fetched data for Brunei
2025-09-21 15:50:36,357 - country_pipeline - INFO - Successfully fetched data for Brunei
2025-09-21 15:50:36,357 - country_pipeline - INFO - Successfully fetched data for Brunei
2025-09-21 15:50:36,357 - country_pipeline - INFO - Successfully fetched data for Brunei
2025-09-21 15:50:36,475 - country_pipeline - INFO - Successfully fetched data for Grenada
2025-09-21 15:50:36,475 - country_pipeline - INFO - Successfully fetched data for Grenada
2025-09-21 15:50:36,475 - country_pipeline - INFO - Successfully fetched data for Grenada
2025-09-21 15:50:36,475 - country_pipeline - INFO - Successfully fetched data for Grenada
2025-09-21 15:50:36,609 - country_pipeline - INFO - Successfully fetched data for Togo
2025-09-21 15:50:36,609 - country_pipeline - INFO - Successfully fetched data for Togo
2025-09-21 15:50:36,609 - country_pipeline - INFO - Successfully fetched data for Togo
2025-09-21 15:50:36,609 - country_pipeline - INFO - Successfully fetched data for Togo
2025-09-21 15:50:36,712 - country_pipeline - INFO - Successfully fetched data for Japan
2025-09-21 15:50:36,712 - country_pipeline - INFO - Successfully fetched data for Japan
2025-09-21 15:50:36,712 - country_pipeline - INFO - Successfully fetched data for Japan
2025-09-21 15:50:36,712 - country_pipeline - INFO - Successfully fetched data for Japan
2025-09-21 15:50:36,776 - country_pipeline - INFO - Successfully fetched data for Papua New Guinea
2025-09-21 15:50:36,776 - country_pipeline - INFO - Successfully fetched data for Papua New Guinea
2025-09-21 15:50:36,776 - country_pipeline - INFO - Successfully fetched data for Papua New Guinea
2025-09-21 15:50:36,776 - country_pipeline - INFO - Successfully fetched data for Papua New Guinea
2025-09-21 15:50:36,782 - country_pipeline - INFO - Successfully fetched data for Spain
2025-09-21 15:50:36,782 - country_pipeline - INFO - Successfully fetched data for Spain
2025-09-21 15:50:36,782 - country_pipeline - INFO - Successfully fetched data for Spain
2025-09-21 15:50:36,782 - country_pipeline - INFO - Successfully fetched data for Spain
2025-09-21 15:50:36,900 - country_pipeline - INFO - Successfully fetched data for South Korea
2025-09-21 15:50:36,900 - country_pipeline - INFO - Successfully fetched data for South Korea
2025-09-21 15:50:36,900 - country_pipeline - INFO - Successfully fetched data for South Korea
2025-09-21 15:50:36,900 - country_pipeline - INFO - Successfully fetched data for South Korea
2025-09-21 15:50:36,965 - country_pipeline - INFO - Successfully fetched data for Argentina
2025-09-21 15:50:36,965 - country_pipeline - INFO - Successfully fetched data for Argentina
2025-09-21 15:50:36,965 - country_pipeline - INFO - Successfully fetched data for Argentina
2025-09-21 15:50:36,965 - country_pipeline - INFO - Successfully fetched data for Argentina
2025-09-21 15:50:37,108 - country_pipeline - INFO - Successfully fetched data for Uzbekistan
2025-09-21 15:50:37,108 - country_pipeline - INFO - Successfully fetched data for Uzbekistan
2025-09-21 15:50:37,108 - country_pipeline - INFO - Successfully fetched data for Uzbekistan
2025-09-21 15:50:37,108 - country_pipeline - INFO - Successfully fetched data for Uzbekistan
2025-09-21 15:50:37,112 - country_pipeline - INFO - Successfully fetched data for Réunion
2025-09-21 15:50:37,112 - country_pipeline - INFO - Successfully fetched data for Réunion
2025-09-21 15:50:37,112 - country_pipeline - INFO - Successfully fetched data for Réunion
2025-09-21 15:50:37,112 - country_pipeline - INFO - Successfully fetched data for Réunion
2025-09-21 15:50:37,247 - country_pipeline - INFO - Successfully fetched data for Serbia
2025-09-21 15:50:37,247 - country_pipeline - INFO - Successfully fetched data for Serbia
2025-09-21 15:50:37,247 - country_pipeline - INFO - Successfully fetched data for Serbia
2025-09-21 15:50:37,247 - country_pipeline - INFO - Successfully fetched data for Serbia
2025-09-21 15:50:37,257 - country_pipeline - INFO - Successfully fetched data for United States Virgin Islands
2025-09-21 15:50:37,257 - country_pipeline - INFO - Successfully fetched data for United States Virgin Islands
2025-09-21 15:50:37,257 - country_pipeline - INFO - Successfully fetched data for United States Virgin Islands
2025-09-21 15:50:37,257 - country_pipeline - INFO - Successfully fetched data for United States Virgin Islands
2025-09-21 15:50:37,341 - country_pipeline - INFO - Successfully fetched data for United States Minor Outlying Islands
2025-09-21 15:50:37,341 - country_pipeline - INFO - Successfully fetched data for United States Minor Outlying Islands
2025-09-21 15:50:37,341 - country_pipeline - INFO - Successfully fetched data for United States Minor Outlying Islands
2025-09-21 15:50:37,341 - country_pipeline - INFO - Successfully fetched data for United States Minor Outlying Islands
2025-09-21 15:50:37,359 - country_pipeline - INFO - Successfully fetched data for Cape Verde
2025-09-21 15:50:37,359 - country_pipeline - INFO - Successfully fetched data for Cape Verde
2025-09-21 15:50:37,359 - country_pipeline - INFO - Successfully fetched data for Cape Verde
2025-09-21 15:50:37,359 - country_pipeline - INFO - Successfully fetched data for Cape Verde
2025-09-21 15:50:37,416 - country_pipeline - INFO - Successfully fetched data for Norfolk Island
2025-09-21 15:50:37,416 - country_pipeline - INFO - Successfully fetched data for Norfolk Island
2025-09-21 15:50:37,416 - country_pipeline - INFO - Successfully fetched data for Norfolk Island
2025-09-21 15:50:37,416 - country_pipeline - INFO - Successfully fetched data for Norfolk Island
2025-09-21 15:50:37,483 - country_pipeline - INFO - Successfully fetched data for Cambodia
2025-09-21 15:50:37,483 - country_pipeline - INFO - Successfully fetched data for Cambodia
2025-09-21 15:50:37,483 - country_pipeline - INFO - Successfully fetched data for Cambodia
2025-09-21 15:50:37,483 - country_pipeline - INFO - Successfully fetched data for Cambodia
2025-09-21 15:50:37,515 - country_pipeline - INFO - Successfully fetched data for Antarctica
2025-09-21 15:50:37,515 - country_pipeline - INFO - Successfully fetched data for Antarctica
2025-09-21 15:50:37,515 - country_pipeline - INFO - Successfully fetched data for Antarctica
2025-09-21 15:50:37,515 - country_pipeline - INFO - Successfully fetched data for Antarctica
2025-09-21 15:50:37,544 - country_pipeline - INFO - Successfully fetched data for Romania
2025-09-21 15:50:37,544 - country_pipeline - INFO - Successfully fetched data for Romania
2025-09-21 15:50:37,544 - country_pipeline - INFO - Successfully fetched data for Romania
2025-09-21 15:50:37,544 - country_pipeline - INFO - Successfully fetched data for Romania
2025-09-21 15:50:37,607 - country_pipeline - INFO - Successfully fetched data for Saudi Arabia
2025-09-21 15:50:37,607 - country_pipeline - INFO - Successfully fetched data for Saudi Arabia
2025-09-21 15:50:37,607 - country_pipeline - INFO - Successfully fetched data for Saudi Arabia
2025-09-21 15:50:37,607 - country_pipeline - INFO - Successfully fetched data for Saudi Arabia
2025-09-21 15:50:37,791 - country_pipeline - INFO - Successfully fetched data for Marshall Islands
2025-09-21 15:50:37,791 - country_pipeline - INFO - Successfully fetched data for Marshall Islands
2025-09-21 15:50:37,791 - country_pipeline - INFO - Successfully fetched data for Marshall Islands
2025-09-21 15:50:37,791 - country_pipeline - INFO - Successfully fetched data for Marshall Islands
2025-09-21 15:50:37,805 - country_pipeline - INFO - Successfully fetched data for Somalia
2025-09-21 15:50:37,805 - country_pipeline - INFO - Successfully fetched data for Somalia
2025-09-21 15:50:37,805 - country_pipeline - INFO - Successfully fetched data for Somalia
2025-09-21 15:50:37,805 - country_pipeline - INFO - Successfully fetched data for Somalia
2025-09-21 15:50:37,911 - country_pipeline - INFO - Successfully fetched data for Albania
2025-09-21 15:50:37,911 - country_pipeline - INFO - Successfully fetched data for Albania
2025-09-21 15:50:37,911 - country_pipeline - INFO - Successfully fetched data for Albania
2025-09-21 15:50:37,911 - country_pipeline - INFO - Successfully fetched data for Albania
2025-09-21 15:50:38,003 - country_pipeline - INFO - Successfully fetched data for French Polynesia
2025-09-21 15:50:38,003 - country_pipeline - INFO - Successfully fetched data for French Polynesia
2025-09-21 15:50:38,003 - country_pipeline - INFO - Successfully fetched data for French Polynesia
2025-09-21 15:50:38,003 - country_pipeline - INFO - Successfully fetched data for French Polynesia
2025-09-21 15:50:38,028 - country_pipeline - INFO - Successfully fetched data for Myanmar
2025-09-21 15:50:38,028 - country_pipeline - INFO - Successfully fetched data for Myanmar
2025-09-21 15:50:38,028 - country_pipeline - INFO - Successfully fetched data for Myanmar
2025-09-21 15:50:38,028 - country_pipeline - INFO - Successfully fetched data for Myanmar
2025-09-21 15:50:38,163 - country_pipeline - INFO - Successfully fetched data for Caribbean Netherlands
2025-09-21 15:50:38,163 - country_pipeline - INFO - Successfully fetched data for Caribbean Netherlands
2025-09-21 15:50:38,163 - country_pipeline - INFO - Successfully fetched data for Burundi
2025-09-21 15:50:38,163 - country_pipeline - INFO - Successfully fetched data for Caribbean Netherlands
2025-09-21 15:50:38,163 - country_pipeline - INFO - Successfully fetched data for Burundi
2025-09-21 15:50:38,163 - country_pipeline - INFO - Successfully fetched data for Caribbean Netherlands
2025-09-21 15:50:38,163 - country_pipeline - INFO - Successfully fetched data for Burundi
2025-09-21 15:50:38,163 - country_pipeline - INFO - Successfully fetched data for Burundi
2025-09-21 15:50:38,439 - country_pipeline - INFO - Successfully fetched data for French Guiana
2025-09-21 15:50:38,439 - country_pipeline - INFO - Successfully fetched data for French Guiana
2025-09-21 15:50:38,440 - country_pipeline - INFO - Successfully fetched data for American Samoa
2025-09-21 15:50:38,439 - country_pipeline - INFO - Successfully fetched data for French Guiana
2025-09-21 15:50:38,440 - country_pipeline - INFO - Successfully fetched data for American Samoa
2025-09-21 15:50:38,439 - country_pipeline - INFO - Successfully fetched data for French Guiana
2025-09-21 15:50:38,440 - country_pipeline - INFO - Successfully fetched data for American Samoa
2025-09-21 15:50:38,440 - country_pipeline - INFO - Successfully fetched data for American Samoa
2025-09-21 15:50:38,483 - country_pipeline - INFO - Successfully fetched data for Saint Lucia
2025-09-21 15:50:38,483 - country_pipeline - INFO - Successfully fetched data for Saint Lucia
2025-09-21 15:50:38,483 - country_pipeline - INFO - Successfully fetched data for Saint Lucia
2025-09-21 15:50:38,483 - country_pipeline - INFO - Successfully fetched data for Saint Lucia
2025-09-21 15:50:38,523 - country_pipeline - INFO - Successfully fetched data for Honduras
2025-09-21 15:50:38,523 - country_pipeline - INFO - Successfully fetched data for Honduras
2025-09-21 15:50:38,523 - country_pipeline - INFO - Successfully fetched data for Honduras
2025-09-21 15:50:38,523 - country_pipeline - INFO - Successfully fetched data for Honduras
2025-09-21 15:50:38,597 - country_pipeline - INFO - Successfully fetched data for Belize
2025-09-21 15:50:38,597 - country_pipeline - INFO - Successfully fetched data for Belize
2025-09-21 15:50:38,597 - country_pipeline - INFO - Successfully fetched data for Belize
2025-09-21 15:50:38,597 - country_pipeline - INFO - Successfully fetched data for Belize
2025-09-21 15:50:38,623 - country_pipeline - INFO - Successfully fetched data for Kazakhstan
2025-09-21 15:50:38,623 - country_pipeline - INFO - Successfully fetched data for Kazakhstan
2025-09-21 15:50:38,623 - country_pipeline - INFO - Successfully fetched data for Kazakhstan
2025-09-21 15:50:38,623 - country_pipeline - INFO - Successfully fetched data for Kazakhstan
2025-09-21 15:50:38,679 - country_pipeline - INFO - Successfully fetched data for Samoa
2025-09-21 15:50:38,679 - country_pipeline - INFO - Successfully fetched data for Samoa
2025-09-21 15:50:38,679 - country_pipeline - INFO - Successfully fetched data for Samoa
2025-09-21 15:50:38,679 - country_pipeline - INFO - Successfully fetched data for Samoa
2025-09-21 15:50:38,798 - country_pipeline - INFO - Successfully fetched data for Lebanon
2025-09-21 15:50:38,798 - country_pipeline - INFO - Successfully fetched data for Lebanon
2025-09-21 15:50:38,798 - country_pipeline - INFO - Successfully fetched data for Lebanon
2025-09-21 15:50:38,798 - country_pipeline - INFO - Successfully fetched data for Lebanon
2025-09-21 15:50:38,818 - country_pipeline - INFO - Successfully fetched data for Equatorial Guinea
2025-09-21 15:50:38,818 - country_pipeline - INFO - Successfully fetched data for Equatorial Guinea
2025-09-21 15:50:38,818 - country_pipeline - INFO - Successfully fetched data for Equatorial Guinea
2025-09-21 15:50:38,818 - country_pipeline - INFO - Successfully fetched data for Equatorial Guinea
2025-09-21 15:50:38,833 - country_pipeline - INFO - Successfully fetched data for Hungary
2025-09-21 15:50:38,833 - country_pipeline - INFO - Successfully fetched data for Hungary
2025-09-21 15:50:38,833 - country_pipeline - INFO - Successfully fetched data for Hungary
2025-09-21 15:50:38,833 - country_pipeline - INFO - Successfully fetched data for Hungary
2025-09-21 15:50:38,942 - country_pipeline - INFO - Successfully fetched data for Mauritius
2025-09-21 15:50:38,942 - country_pipeline - INFO - Successfully fetched data for Mauritius
2025-09-21 15:50:38,942 - country_pipeline - INFO - Successfully fetched data for Mauritius
2025-09-21 15:50:38,942 - country_pipeline - INFO - Successfully fetched data for Mauritius
2025-09-21 15:50:39,031 - country_pipeline - INFO - Successfully fetched data for Cayman Islands
2025-09-21 15:50:39,031 - country_pipeline - INFO - Successfully fetched data for Cayman Islands
2025-09-21 15:50:39,031 - country_pipeline - INFO - Successfully fetched data for Cayman Islands
2025-09-21 15:50:39,031 - country_pipeline - INFO - Successfully fetched data for Cayman Islands
2025-09-21 15:50:39,040 - country_pipeline - INFO - Successfully fetched data for Liechtenstein
2025-09-21 15:50:39,040 - country_pipeline - INFO - Successfully fetched data for Liechtenstein
2025-09-21 15:50:39,040 - country_pipeline - INFO - Successfully fetched data for Liechtenstein
2025-09-21 15:50:39,040 - country_pipeline - INFO - Successfully fetched data for Liechtenstein
2025-09-21 15:50:39,155 - country_pipeline - INFO - Successfully fetched data for Anguilla
2025-09-21 15:50:39,155 - country_pipeline - INFO - Successfully fetched data for Anguilla
2025-09-21 15:50:39,155 - country_pipeline - INFO - Successfully fetched data for Anguilla
2025-09-21 15:50:39,155 - country_pipeline - INFO - Successfully fetched data for Anguilla
2025-09-21 15:50:39,168 - country_pipeline - INFO - Successfully fetched data for Guadeloupe
2025-09-21 15:50:39,168 - country_pipeline - INFO - Successfully fetched data for Guadeloupe
2025-09-21 15:50:39,168 - country_pipeline - INFO - Successfully fetched data for Guadeloupe
2025-09-21 15:50:39,168 - country_pipeline - INFO - Successfully fetched data for Guadeloupe
2025-09-21 15:50:39,402 - country_pipeline - INFO - Successfully fetched data for Netherlands
2025-09-21 15:50:39,402 - country_pipeline - INFO - Successfully fetched data for Netherlands
2025-09-21 15:50:39,402 - country_pipeline - INFO - Successfully fetched data for Netherlands
2025-09-21 15:50:39,402 - country_pipeline - INFO - Successfully fetched data for Netherlands
2025-09-21 15:50:39,404 - country_pipeline - INFO - Successfully fetched data for Austria
2025-09-21 15:50:39,404 - country_pipeline - INFO - Successfully fetched data for Austria
2025-09-21 15:50:39,404 - country_pipeline - INFO - Successfully fetched data for Austria
2025-09-21 15:50:39,404 - country_pipeline - INFO - Successfully fetched data for Austria
2025-09-21 15:50:39,481 - country_pipeline - INFO - Successfully fetched data for Singapore
2025-09-21 15:50:39,481 - country_pipeline - INFO - Successfully fetched data for Singapore
2025-09-21 15:50:39,481 - country_pipeline - INFO - Successfully fetched data for Singapore
2025-09-21 15:50:39,481 - country_pipeline - INFO - Successfully fetched data for Singapore
2025-09-21 15:50:39,495 - country_pipeline - INFO - Successfully fetched data for Kenya
2025-09-21 15:50:39,495 - country_pipeline - INFO - Successfully fetched data for Kenya
2025-09-21 15:50:39,495 - country_pipeline - INFO - Successfully fetched data for Kenya
2025-09-21 15:50:39,495 - country_pipeline - INFO - Successfully fetched data for Kenya
2025-09-21 15:50:39,509 - country_pipeline - INFO - Successfully fetched data for Central African Republic
2025-09-21 15:50:39,509 - country_pipeline - INFO - Successfully fetched data for Central African Republic
2025-09-21 15:50:39,509 - country_pipeline - INFO - Successfully fetched data for Central African Republic
2025-09-21 15:50:39,509 - country_pipeline - INFO - Successfully fetched data for Central African Republic
2025-09-21 15:50:39,528 - country_pipeline - INFO - Successfully fetched data for Nepal
2025-09-21 15:50:39,528 - country_pipeline - INFO - Successfully fetched data for Nepal
2025-09-21 15:50:39,528 - country_pipeline - INFO - Successfully fetched data for Nepal
2025-09-21 15:50:39,528 - country_pipeline - INFO - Successfully fetched data for Nepal
2025-09-21 15:50:39,625 - country_pipeline - INFO - Successfully fetched data for Uganda
2025-09-21 15:50:39,625 - country_pipeline - INFO - Successfully fetched data for Uganda
2025-09-21 15:50:39,625 - country_pipeline - INFO - Successfully fetched data for Uganda
2025-09-21 15:50:39,625 - country_pipeline - INFO - Successfully fetched data for Uganda
2025-09-21 15:50:39,752 - country_pipeline - INFO - Successfully fetched data for Mexico
2025-09-21 15:50:39,752 - country_pipeline - INFO - Successfully fetched data for Mexico
2025-09-21 15:50:39,752 - country_pipeline - INFO - Successfully fetched data for Mexico
2025-09-21 15:50:39,752 - country_pipeline - INFO - Successfully fetched data for Mexico
2025-09-21 15:50:40,637 - country_pipeline - INFO - Successfully fetched data for Svalbard and Jan Mayen
2025-09-21 15:50:40,637 - country_pipeline - INFO - Successfully fetched data for Svalbard and Jan Mayen
2025-09-21 15:50:40,637 - country_pipeline - INFO - Successfully fetched data for Svalbard and Jan Mayen
2025-09-21 15:50:40,637 - country_pipeline - INFO - Successfully fetched data for Svalbard and Jan Mayen
2025-09-21 15:50:42,159 - country_pipeline - INFO - Successfully fetched data for Liberia
2025-09-21 15:50:42,159 - country_pipeline - INFO - Successfully fetched data for Liberia
2025-09-21 15:50:42,159 - country_pipeline - INFO - Successfully fetched data for Liberia
2025-09-21 15:50:42,159 - country_pipeline - INFO - Successfully fetched data for Liberia
2025-09-21 15:50:42,163 - country_pipeline - INFO - Successfully fetched data for 250 countries
2025-09-21 15:50:42,163 - country_pipeline - INFO - Successfully fetched data for 250 countries
2025-09-21 15:50:42,163 - country_pipeline - INFO - Successfully fetched data for 250 countries
2025-09-21 15:50:42,163 - country_pipeline - INFO - Successfully fetched data for 250 countries
2025-09-21 15:50:42,166 - country_pipeline - INFO - Starting data processing and validation
2025-09-21 15:50:42,166 - country_pipeline - INFO - Starting data processing and validation
2025-09-21 15:50:42,166 - country_pipeline - INFO - Starting data processing and validation
2025-09-21 15:50:42,166 - country_pipeline - INFO - Starting data processing and validation
2025-09-21 15:50:42,166 - country_pipeline - INFO - Processed 250 valid countries, 0 invalid
2025-09-21 15:50:42,166 - country_pipeline - INFO - Processed 250 valid countries, 0 invalid
2025-09-21 15:50:42,166 - country_pipeline - INFO - Processed 250 valid countries, 0 invalid
2025-09-21 15:50:42,166 - country_pipeline - INFO - Processed 250 valid countries, 0 invalid
2025-09-21 15:50:42,170 - country_pipeline - INFO - Successfully saved 250 records to data/countries.json
2025-09-21 15:50:42,170 - country_pipeline - INFO - Successfully saved 250 records to data/countries.json
2025-09-21 15:50:42,170 - country_pipeline - INFO - Successfully saved 250 records to data/countries.json
2025-09-21 15:50:42,170 - country_pipeline - INFO - Successfully saved 250 records to data/countries.json
2025-09-21 15:50:42,170 - country_pipeline - INFO - Pipeline completed successfully
2025-09-21 15:50:42,170 - country_pipeline - INFO - Pipeline completed successfully
2025-09-21 15:50:42,170 - country_pipeline - INFO - Pipeline completed successfully
2025-09-21 15:50:42,170 - country_pipeline - INFO - Pipeline completed successfully
